node   1  (   0,    0) (   3,    3) (   4,    4) (   2,    2) (   0,    0) (   0,    0) (   9,    0) (   0,    0) (   0,    3) (   0,    4)
          (   0,    2) (   0,    0) (   9,    0) (   0,    0) (   0,    3) (   0,    4) (   0,    2) (   0,    0) (   9,    0) (   0,    0)
          (   0,    3) (   0,    4) (   0,    2) (   0,    0) (   9,    0) (   0,    0) (   0,    3) (   0,    4) (   0,    2) (   0,    0)
          (   9,    0) (   0,    0) (   0,    3) (   0,    4) (   0,    2) (   0,    0) (   9,    0) (   0,    0) (   0,    3) (   0,    4)
          (   0,    2) (   0,    0) (   9,    0) (   0,    0) (   0,    3) (   0,    4) (   0,    2) (   0,    0) (   9,    0) (   0,    0)
          (   0,    3) (   0,    4) (   0,    2) (   0,    0) (   7,    0) (   0,    0) (   0,    3) (   0,    4) (   0,    1) (   0,    0)
          (   9,    0) (   0,    0) (   0,    3) (   0,    4) (   0,    2) (   0,    0) (   9,    0) (   0,    0) (   0,    3) (   0,    3)
          (   0,    1) (   0,    0) (   4,    0) (   0,    0) (   0,    3) (   0,    2) (   0,    1) (   0,    0) (   8,    0) (   0,    0)
          (   0,    3) (   0,    4) (   0,    2) (   0,    0) (   9,    0) (   0,    0) (   0,    3) (   0,    3) (   0,    2) (   0,    0)
          (   7,    0) (   0,    0) (   0,    2) (   0,    3) (   0,    1) (   0,    0) (   9,    0) (   0,    0) (   0,    2) (   0,    4)
          (   0,    2) (   0,    0) (   7,    0) (   0,    0) (   0,    3) (   0,    3) (   0,    0) (   0,    0) (   7,    0) (   0,    0)
          (   0,    3) (   0,    4) (   0,    1) (   0,    0) (   7,    0) (   0,    0) (   0,    3) (   0,    4) (   0,    1) (   0,    0)
          (   8,    0) (   0,    0) (   0,    3) (   0,    4) (   0,    1) (   0,    0) (   7,    0) (   0,    0) (   0,    3) (   0,    3)
          (   0,    1) (   0,    0) (   8,    0) (   0,    0) (   0,    3) (   0,    4) (   0,    1) (   0,    0) (   7,    0) (   0,    0)
          (   0,    3) (   0,    4) (   0,    1) (   0,    0) (   8,    0) (   0,    0) (   0,    3) (   0,    2) (   0,    1) (   0,    0)
          (   8,    0) (   0,    0) (   0,    2) (   0,    3) (   0,    1) (   0,    0) (   8,    0) (   0,    0) (   0,    3) (   0,    4)
          (   0,    0) (   0,    0) (   7,    0) (   0,    0) (   0,    2) (   0,    4) (   0,    1) (   0,    0) (   7,    0) (   0,    0)
          (   0,    3) (   0,    2) (   0,    1) (   0,    0) (   6,    0) (   0,    0) (   0,    2) (   0,    4) (   0,    1) (   0,    0)
          (   6,    0) (   0,    0) (   0,    2) (   0,    4) (   0,    1) (   0,    0) (   6,    0) (   0,    0) (   0,    2) (   0,    4)
          (   0,    1) (   0,    0) (   8,    0) (   0,    0) (   0,    3) (   0,    4) (   0,    1) (   0,    0) (   7,    0) (   0,    0)
          (   0,    2) (   0,    2) (   0,    0) (   0,    0) (   6,    0) (   0,    0) (   0,    3) (   0,    4) (   0,    1) (   0,    0)
          (   7,    0) (   0,    0) (   0,    2) (   0,    4) (   0,    1) (   0,    0) (   8,    0) (   0,    0) (   0,    3) (   0,    4)
          (   0,    1) (   0,    0) (   6,    0) (   0,    0) (   0,    3) (   0,    4) (   0,    1) (   0,    0) (   7,    0) (   0,    0)
          (   0,    3) (   0,    4) (   0,    1) (   0,    0) (   7,    0) (   0,    0) (   0,    3) (   0,    3) (   0,    1) (   0,    0)
          (   8,    0) (   0,    0) (   0,    3) (   0,    4) (   0,    1) (   0,    0) (   7,    0) (   0,    0) (   0,    3) (   0,    3)
          (   0,    1) (   0,    0) (   4,    0) (   0,    0) (   0,    2) (   0,    4) (   0,    1) (   0,    0) (   8,    0) (   0,    0)
          (   0,    3) (   0,    3) (   0,    1) (   0,    0) (   8,    0) (   0,    0) (   0,    3) (   0,    4) (   0,    1) (   0,    0)
          (   8,    0) (   0,    0) (   0,    3) (   0,    4) (   0,    1) (   0,    0) (   8,    0) (   0,    0) (   0,    3) (   0,    4)
          (   0,    1) (   0,    0) (   8,    0) (   0,    0) (   0,    3) (   0,    4) (   0,    1) (   0,    0) (   6,    0) (   0,    0)
          (   0,    3) (   0,    4) (   0,    1) (   0,    0) (   8,    0) (   0,    0) (   0,    3) (   0,    4) (   0,    1) (   0,    0)
          (   8,    0) (   0,    0) (   0,    3) (   0,    4) (   0,    1) (   0,    0) (   8,    0) (   0,    0) (   0,    3) (   0,    4)
          (   0,    1) (   0,    0) (   8,    0) (   0,    0) (   0,    3) (   0,    4) (   0,    1) (   0,    0) (   8,    0) (   0,    0)
          (   0,    3) (   0,    4) (   0,    1) (   0,    0) (   8,    0) (   0,    0) (   0,    3) (   0,    4) (   0,    1) (   0,    0)
          (   8,    0) (   0,    0) (   0,    3) (   0,    4) (   0,    1) (   0,    0) (   8,    0) (   0,    0) (   0,    3) (   0,    4)
          (   0,    1) (   0,    0) (   8,    0) (   0,    0) (   0,    3) (   0,    4) (   0,    1) (   0,    0) (   8,    0) (   0,    0)
          (   0,    3) (   0,    4) (   0,    1) (   0,    0) (   8,    0) (   0,    0) (   0,    3) (   0,    4) (   0,    1) (   0,    0)
          (   8,    0) (   0,    0) (   0,    3) (   0,    4) (   0,    1) (   0,    0) (   8,    0) (   0,    0) (   0,    3) (   0,    4)
          (   0,    1) (   0,    0) (   8,    0) (   0,    0) (   0,    3) (   0,    4) (   0,    1) (   0,    0) (   8,    0) (   0,    0)
          (   0,    3) (   0,    4) (   0,    1) (   0,    0) (   8,    0) (   0,    0) (   0,    3) (   0,    4) (   0,    1) (   0,    0)
          (   8,    0) (   0,    0) (   0,    3) (   0,    4) (   0,    1) (   0,    0) (   8,    0) (   0,    0) (   0,    3) (   0,    4)
          (   0,    1) (   0,    0) (   8,    0) (   0,    0) (   0,    3) (   0,    4) (   0,    1) (   0,    0) (   8,    0) (   0,    0)
          (   0,    3) (   0,    4) (   0,    1) (   0,    0) (   8,    0) (   0,    0) (   0,    3) (   0,    4) (   0,    1) (   0,    0)
          (   8,    0) (   0,    0) (   0,    3) (   0,    4) (   0,    1) (   0,    0) (   8,    0) (   0,    0) (   0,    3) (   0,    4)
          (   0,    1) (   0,    0) (   8,    0) (   0,    0) (   0,    3) (   0,    4) (   0,    1) (   0,    0) (   8,    0) (   0,    0)
          (   0,    3) (   0,    4) (   0,    1) (   0,    0) (   8,    0) (   0,    0) (   0,    3) (   0,    4) (   0,    1) (   0,    0)
          (   8,    0) (   0,    0) (   0,    3) (   0,    4) (   0,    1) (   0,    0) (   8,    0) (   0,    0) (   0,    3) (   0,    4)
          (   0,    1) (   0,    0) (   8,    0) (   0,    0) (   0,    3) (   0,    4) (   0,    1) (   0,    0) (   8,    0) (   0,    0)
          (   0,    3) (   0,    4) (   0,    1) (   0,    0) (   8,    0) (   0,    0) (   0,    3) (   0,    4) (   0,    1) (   0,    0)
          (   8,    0) (   0,    0) (   0,    3) (   0,    4) (   0,    1) (   0,    0) (   8,    0) (   0,    0) (   0,    3) (   0,    4)
          (   0,    1) (   0,    0) (   8,    0) (   0,    0) (   0,    3) (   0,    4) (   0,    1) (   0,    0) (   8,    0) (   0,    0)
          (   0,    3) (   0,    4) (   0,    1) (   0,    0) (   8,    0) (   0,    0) (   0,    3) (   0,    4) (   0,    1) (   0,    0)
          (   8,    0) (   0,    0) (   0,    3) (   0,    4) (   0,    1) (   0,    0) (   8,    0) (   0,    0) (   0,    3) (   0,    4)
          (   0,    1) (   0,    0) (   8,    0) (   0,    0) (   0,    3) (   0,    4) (   0,    1) (   0,    0) (   8,    0) (   0,    0)
          (   0,    3) (   0,    4) (   0,    1) (   0,    0) (   8,    0) (   0,    0) (   0,    3) (   0,    4) (   0,    1) (   0,    0)
          (   8,    0) (   0,    0) (   0,    3) (   0,    4) (   0,    1) (   0,    0) (   8,    0) (   0,    0) (   0,    3) (   0,    4)
          (   0,    1) (   0,    0) (   8,    0) (   0,    0) (   0,    3) (   0,    4) (   0,    1) (   0,    0) (   8,    0) (   0,    0)
          (   0,    3) (   0,    4) (   0,    1) (   0,    0) (   8,    0) (   0,    0) (   0,    3) (   0,    4) (   0,    1) (   0,    0)
          (   8,    0) (   0,    0) (   0,    3) (   0,    4) (   0,    1) (   0,    0) (   8,    0) (   0,    0) (   0,    3) (   0,    4)
          (   0,    1) (   0,    0) (   8,    0) (   0,    0) (   0,    3) (   0,    4) (   0,    1) (   0,    0) (   8,    0) (   0,    0)
          (   0,    3) (   0,    4) (   0,    1) (   0,    0) (   8,    0) (   0,    0) (   0,    3) (   0,    4) (   0,    1) (   0,    0)
          (   8,    0) (   0,    0) (   0,    3) (   0,    4) (   0,    1) (   0,    0) (   8,    0) (   0,    0) (   0,    3) (   0,    4)
          (   0,    1) (   0,    0) (   8,    0) (   0,    0) (   0,    3) (   0,    4) (   0,    1) (   0,    0) (   8,    0) (   0,    0)
          (   0,    3) (   0,    4) (   0,    1) (   0,    0) (   8,    0) (   0,    0) (   0,    3) (   0,    4) (   0,    1) (   0,    0)
          (   8,    0) (   0,    0) (   0,    3) (   0,    4) (   0,    1) (   0,    0) (   8,    0) (   0,    0) (   0,    3) (   0,    4)
          (   0,    1) (   0,    0) (   8,    0) (   0,    0) (   0,    3) (   0,    4) (   0,    1) (   0,    0) (   8,    0) (   0,    0)
          (   0,    3) (   0,    4) (   0,    1) (   0,    0) (   8,    0) (   0,    0) (   0,    3) (   0,    4) (   0,    1) (   0,    0)
          (   8,    0) (   0,    0) (   0,    3) (   0,    4) (   0,    1) (   0,    0) (   8,    0) (   0,    0) (   0,    3) (   0,    4)
          (   0,    1) (   0,    0) (   8,    0) (   0,    0) (   0,    3) (   0,    4) (   0,    1) (   0,    0) (   8,    0) (   0,    0)
          (   0,    3) (   0,    4) (   0,    1) (   0,    0) (   8,    0) (   0,    0) (   0,    3) (   0,    4) (   0,    1) (   0,    0)
          (   8,    0) (   0,    0) (   0,    3) (   0,    4) (   0,    1) (   0,    0) (   8,    0) (   0,    0) (   0,    3) (   0,    4)
         
node   1 sent_total    915  recv_total    918

node   2  (   1,    0) (   0,    0) (   0,    1) (   0,    0) (   0,    0) (   0,    0) (   0,    0) (   1,    1) (   0,    2) (   0,    4)
          (   0,    2) (   0,    0) (   0,    0) (   9,    1) (   0,    2) (   0,    4) (   0,    2) (   0,    0) (   0,    0) (   9,    1)
          (   0,    2) (   0,    4) (   0,    2) (   0,    0) (   0,    0) (   9,    1) (   0,    2) (   0,    4) (   0,    2) (   0,    0)
          (   0,    0) (   9,    1) (   0,    2) (   0,    4) (   0,    2) (   0,    0) (   0,    0) (   9,    1) (   0,    2) (   0,    4)
          (   0,    2) (   0,    0) (   0,    0) (   9,    1) (   0,    2) (   0,    4) (   0,    2) (   0,    0) (   0,    0) (   9,    1)
          (   0,    2) (   0,    4) (   0,    2) (   0,    0) (   0,    0) (   8,    1) (   0,    2) (   0,    4) (   0,    2) (   0,    0)
          (   0,    0) (   9,    1) (   0,    2) (   0,    4) (   0,    2) (   0,    0) (   0,    0) (   9,    1) (   0,    2) (   0,    4)
          (   0,    1) (   0,    0) (   0,    0) (   9,    1) (   0,    2) (   0,    3) (   0,    2) (   0,    0) (   0,    0) (   9,    1)
          (   0,    2) (   0,    4) (   0,    2) (   0,    0) (   0,    0) (   9,    1) (   0,    2) (   0,    4) (   0,    2) (   0,    0)
          (   0,    0) (   8,    0) (   0,    2) (   0,    3) (   0,    1) (   0,    0) (   0,    0) (   7,    1) (   0,    2) (   0,    4)
          (   0,    2) (   0,    0) (   0,    0) (   8,    1) (   0,    2) (   0,    4) (   0,    1) (   0,    0) (   0,    0) (   7,    1)
          (   0,    2) (   0,    4) (   0,    1) (   0,    0) (   0,    0) (   8,    1) (   0,    2) (   0,    3) (   0,    1) (   0,    0)
          (   0,    0) (   7,    1) (   0,    2) (   0,    4) (   0,    0) (   0,    0) (   0,    0) (   8,    1) (   0,    2) (   0,    4)
          (   0,    0) (   0,    0) (   0,    0) (   8,    1) (   0,    2) (   0,    4) (   0,    1) (   0,    0) (   0,    0) (   8,    1)
          (   0,    2) (   0,    4) (   0,    1) (   0,    0) (   0,    0) (   6,    1) (   0,    2) (   0,    2) (   0,    1) (   0,    0)
          (   0,    0) (   6,    1) (   0,    2) (   0,    3) (   0,    1) (   0,    0) (   0,    0) (   5,    1) (   0,    1) (   0,    3)
          (   0,    1) (   0,    0) (   0,    0) (   8,    1) (   0,    1) (   0,    4) (   0,    1) (   0,    0) (   0,    0) (   7,    1)
          (   0,    2) (   0,    3) (   0,    1) (   0,    0) (   0,    0) (   6,    1) (   0,    2) (   0,    4) (   0,    1) (   0,    0)
          (   0,    0) (   7,    1) (   0,    2) (   0,    4) (   0,    1) (   0,    0) (   0,    0) (   8,    1) (   0,    2) (   0,    4)
          (   0,    1) (   0,    0) (   0,    0) (   8,    1) (   0,    1) (   0,    4) (   0,    1) (   0,    0) (   0,    0) (   7,    1)
          (   0,    2) (   0,    4) (   0,    0) (   0,    0) (   0,    0) (   8,    1) (   0,    2) (   0,    3) (   0,    1) (   0,    0)
          (   0,    0) (   7,    1) (   0,    2) (   0,    3) (   0,    1) (   0,    0) (   0,    0) (   7,    1) (   0,    2) (   0,    4)
          (   0,    0) (   0,    0) (   0,    0) (   7,    1) (   0,    2) (   0,    4) (   0,    1) (   0,    0) (   0,    0) (   8,    0)
          (   0,    2) (   0,    4) (   0,    1) (   0,    0) (   0,    0) (   7,    1) (   0,    2) (   0,    4) (   0,    1) (   0,    0)
          (   0,    0) (   7,    1) (   0,    1) (   0,    4) (   0,    1) (   0,    0) (   0,    0) (   8,    0) (   0,    2) (   0,    3)
          (   0,    1) (   0,    0) (   0,    0) (   6,    1) (   0,    2) (   0,    3) (   0,    0) (   0,    0) (   0,    0) (   7,    1)
          (   0,    2) (   0,    4) (   0,    1) (   0,    0) (   0,    0) (   8,    1) (   0,    2) (   0,    4) (   0,    1) (   0,    0)
          (   0,    0) (   8,    1) (   0,    2) (   0,    3) (   0,    1) (   0,    0) (   0,    0) (   5,    1) (   0,    2) (   0,    2)
          (   0,    1) (   0,    0) (   0,    0) (   8,    1) (   0,    2) (   0,    4) (   0,    1) (   0,    0) (   0,    0) (   7,    1)
          (   0,    2) (   0,    3) (   0,    1) (   0,    0) (   0,    0) (   6,    1) (   0,    2) (   0,    4) (   0,    1) (   0,    0)
          (   0,    0) (   8,    1) (   0,    2) (   0,    4) (   0,    1) (   0,    0) (   0,    0) (   8,    1) (   0,    2) (   0,    4)
          (   0,    1) (   0,    0) (   0,    0) (   8,    1) (   0,    2) (   0,    4) (   0,    1) (   0,    0) (   0,    0) (   8,    1)
          (   0,    2) (   0,    4) (   0,    1) (   0,    0) (   0,    0) (   8,    1) (   0,    2) (   0,    4) (   0,    1) (   0,    0)
          (   0,    0) (   8,    1) (   0,    2) (   0,    4) (   0,    1) (   0,    0) (   0,    0) (   8,    1) (   0,    2) (   0,    4)
          (   0,    1) (   0,    0) (   0,    0) (   8,    1) (   0,    2) (   0,    4) (   0,    1) (   0,    0) (   0,    0) (   8,    1)
          (   0,    2) (   0,    4) (   0,    1) (   0,    0) (   0,    0) (   8,    1) (   0,    2) (   0,    4) (   0,    1) (   0,    0)
          (   0,    0) (   8,    1) (   0,    2) (   0,    4) (   0,    1) (   0,    0) (   0,    0) (   8,    1) (   0,    2) (   0,    4)
          (   0,    1) (   0,    0) (   0,    0) (   8,    1) (   0,    2) (   0,    4) (   0,    1) (   0,    0) (   0,    0) (   8,    1)
          (   0,    2) (   0,    4) (   0,    1) (   0,    0) (   0,    0) (   8,    1) (   0,    2) (   0,    4) (   0,    1) (   0,    0)
          (   0,    0) (   8,    1) (   0,    2) (   0,    4) (   0,    1) (   0,    0) (   0,    0) (   8,    1) (   0,    2) (   0,    4)
          (   0,    1) (   0,    0) (   0,    0) (   8,    1) (   0,    2) (   0,    4) (   0,    1) (   0,    0) (   0,    0) (   8,    1)
          (   0,    2) (   0,    4) (   0,    1) (   0,    0) (   0,    0) (   8,    1) (   0,    2) (   0,    4) (   0,    1) (   0,    0)
          (   0,    0) (   8,    1) (   0,    2) (   0,    4) (   0,    1) (   0,    0) (   0,    0) (   8,    1) (   0,    2) (   0,    4)
          (   0,    1) (   0,    0) (   0,    0) (   8,    1) (   0,    2) (   0,    4) (   0,    1) (   0,    0) (   0,    0) (   8,    1)
          (   0,    2) (   0,    4) (   0,    1) (   0,    0) (   0,    0) (   8,    1) (   0,    2) (   0,    4) (   0,    1) (   0,    0)
          (   0,    0) (   8,    1) (   0,    2) (   0,    4) (   0,    1) (   0,    0) (   0,    0) (   8,    1) (   0,    2) (   0,    4)
          (   0,    1) (   0,    0) (   0,    0) (   8,    1) (   0,    2) (   0,    4) (   0,    1) (   0,    0) (   0,    0) (   8,    1)
          (   0,    2) (   0,    4) (   0,    1) (   0,    0) (   0,    0) (   8,    1) (   0,    2) (   0,    4) (   0,    1) (   0,    0)
          (   0,    0) (   8,    1) (   0,    2) (   0,    4) (   0,    1) (   0,    0) (   0,    0) (   8,    1) (   0,    2) (   0,    4)
          (   0,    1) (   0,    0) (   0,    0) (   8,    1) (   0,    2) (   0,    4) (   0,    1) (   0,    0) (   0,    0) (   8,    1)
          (   0,    2) (   0,    4) (   0,    1) (   0,    0) (   0,    0) (   8,    1) (   0,    2) (   0,    4) (   0,    1) (   0,    0)
          (   0,    0) (   8,    1) (   0,    2) (   0,    4) (   0,    1) (   0,    0) (   0,    0) (   8,    1) (   0,    2) (   0,    4)
          (   0,    1) (   0,    0) (   0,    0) (   8,    1) (   0,    2) (   0,    4) (   0,    1) (   0,    0) (   0,    0) (   8,    1)
          (   0,    2) (   0,    4) (   0,    1) (   0,    0) (   0,    0) (   8,    1) (   0,    2) (   0,    4) (   0,    1) (   0,    0)
          (   0,    0) (   8,    1) (   0,    2) (   0,    4) (   0,    1) (   0,    0) (   0,    0) (   8,    1) (   0,    2) (   0,    4)
          (   0,    1) (   0,    0) (   0,    0) (   8,    1) (   0,    2) (   0,    4) (   0,    1) (   0,    0) (   0,    0) (   8,    1)
          (   0,    2) (   0,    4) (   0,    1) (   0,    0) (   0,    0) (   8,    1) (   0,    2) (   0,    4) (   0,    1) (   0,    0)
          (   0,    0) (   8,    1) (   0,    2) (   0,    4) (   0,    1) (   0,    0) (   0,    0) (   8,    1) (   0,    2) (   0,    4)
          (   0,    1) (   0,    0) (   0,    0) (   8,    1) (   0,    2) (   0,    4) (   0,    1) (   0,    0) (   0,    0) (   8,    1)
          (   0,    2) (   0,    4) (   0,    1) (   0,    0) (   0,    0) (   8,    1) (   0,    2) (   0,    4) (   0,    1) (   0,    0)
          (   0,    0) (   8,    1) (   0,    2) (   0,    4) (   0,    1) (   0,    0) (   0,    0) (   8,    1) (   0,    2) (   0,    4)
          (   0,    1) (   0,    0) (   0,    0) (   8,    1) (   0,    2) (   0,    4) (   0,    1) (   0,    0) (   0,    0) (   8,    1)
          (   0,    2) (   0,    4) (   0,    1) (   0,    0) (   0,    0) (   8,    1) (   0,    2) (   0,    4) (   0,    1) (   0,    0)
          (   0,    0) (   8,    1) (   0,    2) (   0,    4) (   0,    1) (   0,    0) (   0,    0) (   8,    1) (   0,    2) (   0,    4)
          (   0,    1) (   0,    0) (   0,    0) (   8,    1) (   0,    2) (   0,    4) (   0,    1) (   0,    0) (   0,    0) (   8,    1)
          (   0,    2) (   0,    4) (   0,    1) (   0,    0) (   0,    0) (   8,    1) (   0,    2) (   0,    4) (   0,    1) (   0,    0)
          (   0,    0) (   8,    1) (   0,    2) (   0,    4) (   0,    1) (   0,    0) (   0,    0) (   8,    1) (   0,    2) (   0,    4)
          (   0,    1) (   0,    0) (   0,    0) (   8,    1) (   0,    2) (   0,    4) (   0,    1) (   0,    0) (   0,    0) (   8,    1)
          (   0,    2) (   0,    4) (   0,    1) (   0,    0) (   0,    0) (   8,    1) (   0,    2) (   0,    4) (   0,    1) (   0,    0)
          (   0,    0) (   8,    1) (   0,    2) (   0,    4) (   0,    1) (   0,    0) (   0,    0) (   8,    1) (   0,    2) (   0,    4)
         
node   2 sent_total    905  recv_total    914

node   3  (   1,    0) (   0,    0) (   0,    1) (   0,    0) (   0,    0) (   0,    0) (   0,    0) (   2,    1) (   0,    1) (   0,    4)
          (   0,    2) (   0,    0) (   0,    0) (   9,    1) (   0,    2) (   0,    4) (   0,    2) (   0,    0) (   0,    0) (   9,    1)
          (   0,    2) (   0,    4) (   0,    2) (   0,    0) (   0,    0) (   9,    1) (   0,    2) (   0,    4) (   0,    2) (   0,    0)
          (   0,    0) (   9,    1) (   0,    2) (   0,    4) (   0,    2) (   0,    0) (   0,    0) (   9,    1) (   0,    2) (   0,    4)
          (   0,    2) (   0,    0) (   0,    0) (   9,    1) (   0,    2) (   0,    4) (   0,    2) (   0,    0) (   0,    0) (   9,    1)
          (   0,    2) (   0,    4) (   0,    2) (   0,    0) (   0,    0) (   8,    1) (   0,    2) (   0,    4) (   0,    2) (   0,    0)
          (   0,    0) (   8,    1) (   0,    2) (   0,    4) (   0,    2) (   0,    0) (   0,    0) (   8,    1) (   0,    2) (   0,    4)
          (   0,    2) (   0,    0) (   0,    0) (   9,    0) (   0,    2) (   0,    3) (   0,    2) (   0,    0) (   0,    0) (   9,    1)
          (   0,    2) (   0,    4) (   0,    2) (   0,    0) (   0,    0) (   8,    1) (   0,    2) (   0,    3) (   0,    2) (   0,    0)
          (   0,    0) (   7,    1) (   0,    2) (   0,    4) (   0,    2) (   0,    0) (   0,    0) (   6,    1) (   0,    2) (   0,    4)
          (   0,    2) (   0,    0) (   0,    0) (   8,    1) (   0,    2) (   0,    3) (   0,    1) (   0,    0) (   0,    0) (   7,    0)
          (   0,    2) (   0,    3) (   0,    1) (   0,    0) (   0,    0) (   7,    0) (   0,    2) (   0,    4) (   0,    1) (   0,    0)
          (   0,    0) (   8,    1) (   0,    2) (   0,    4) (   0,    1) (   0,    0) (   0,    0) (   8,    0) (   0,    2) (   0,    4)
          (   0,    1) (   0,    0) (   0,    0) (   8,    1) (   0,    2) (   0,    4) (   0,    1) (   0,    0) (   0,    0) (   8,    1)
          (   0,    2) (   0,    2) (   0,    0) (   0,    0) (   0,    0) (   6,    1) (   0,    2) (   0,    4) (   0,    1) (   0,    0)
          (   0,    0) (   8,    1) (   0,    2) (   0,    3) (   0,    1) (   0,    0) (   0,    0) (   7,    1) (   0,    2) (   0,    4)
          (   0,    1) (   0,    0) (   0,    0) (   7,    1) (   0,    2) (   0,    3) (   0,    0) (   0,    0) (   0,    0) (   8,    1)
          (   0,    2) (   0,    4) (   0,    1) (   0,    0) (   0,    0) (   7,    1) (   0,    2) (   0,    3) (   0,    1) (   0,    0)
          (   0,    0) (   8,    1) (   0,    2) (   0,    4) (   0,    0) (   0,    0) (   0,    0) (   5,    1) (   0,    2) (   0,    4)
          (   0,    0) (   0,    0) (   0,    0) (   7,    1) (   0,    1) (   0,    4) (   0,    1) (   0,    0) (   0,    0) (   7,    1)
          (   0,    2) (   0,    4) (   0,    1) (   0,    0) (   0,    0) (   8,    0) (   0,    2) (   0,    4) (   0,    1) (   0,    0)
          (   0,    0) (   8,    1) (   0,    2) (   0,    3) (   0,    1) (   0,    0) (   0,    0) (   8,    1) (   0,    2) (   0,    4)
          (   0,    1) (   0,    0) (   0,    0) (   8,    1) (   0,    1) (   0,    4) (   0,    1) (   0,    0) (   0,    0) (   7,    1)
          (   0,    1) (   0,    4) (   0,    1) (   0,    0) (   0,    0) (   8,    1) (   0,    2) (   0,    3) (   0,    1) (   0,    0)
          (   0,    0) (   7,    1) (   0,    2) (   0,    4) (   0,    1) (   0,    0) (   0,    0) (   7,    1) (   0,    2) (   0,    4)
          (   0,    0) (   0,    0) (   0,    0) (   7,    0) (   0,    2) (   0,    3) (   0,    1) (   0,    0) (   0,    0) (   8,    1)
          (   0,    2) (   0,    4) (   0,    1) (   0,    0) (   0,    0) (   7,    1) (   0,    2) (   0,    3) (   0,    1) (   0,    0)
          (   0,    0) (   6,    1) (   0,    2) (   0,    4) (   0,    1) (   0,    0) (   0,    0) (   8,    1) (   0,    1) (   0,    4)
          (   0,    1) (   0,    0) (   0,    0) (   6,    1) (   0,    1) (   0,    4) (   0,    1) (   0,    0) (   0,    0) (   8,    1)
          (   0,    1) (   0,    3) (   0,    0) (   0,    0) (   0,    0) (   8,    1) (   0,    1) (   0,    4) (   0,    1) (   0,    0)
          (   0,    0) (   8,    1) (   0,    2) (   0,    4) (   0,    1) (   0,    0) (   0,    0) (   8,    1) (   0,    2) (   0,    4)
          (   0,    1) (   0,    0) (   0,    0) (   8,    1) (   0,    2) (   0,    4) (   0,    1) (   0,    0) (   0,    0) (   8,    1)
          (   0,    2) (   0,    4) (   0,    1) (   0,    0) (   0,    0) (   8,    1) (   0,    2) (   0,    4) (   0,    1) (   0,    0)
          (   0,    0) (   8,    1) (   0,    2) (   0,    4) (   0,    1) (   0,    0) (   0,    0) (   8,    1) (   0,    2) (   0,    4)
          (   0,    1) (   0,    0) (   0,    0) (   8,    1) (   0,    2) (   0,    4) (   0,    1) (   0,    0) (   0,    0) (   8,    1)
          (   0,    2) (   0,    4) (   0,    1) (   0,    0) (   0,    0) (   8,    1) (   0,    2) (   0,    4) (   0,    1) (   0,    0)
          (   0,    0) (   8,    1) (   0,    2) (   0,    4) (   0,    1) (   0,    0) (   0,    0) (   8,    1) (   0,    2) (   0,    4)
          (   0,    1) (   0,    0) (   0,    0) (   8,    1) (   0,    2) (   0,    4) (   0,    1) (   0,    0) (   0,    0) (   8,    1)
          (   0,    2) (   0,    4) (   0,    1) (   0,    0) (   0,    0) (   8,    1) (   0,    2) (   0,    4) (   0,    1) (   0,    0)
          (   0,    0) (   8,    1) (   0,    2) (   0,    4) (   0,    1) (   0,    0) (   0,    0) (   8,    1) (   0,    2) (   0,    4)
          (   0,    1) (   0,    0) (   0,    0) (   8,    1) (   0,    2) (   0,    4) (   0,    1) (   0,    0) (   0,    0) (   8,    1)
          (   0,    2) (   0,    4) (   0,    1) (   0,    0) (   0,    0) (   8,    1) (   0,    2) (   0,    4) (   0,    1) (   0,    0)
          (   0,    0) (   8,    1) (   0,    2) (   0,    4) (   0,    1) (   0,    0) (   0,    0) (   8,    1) (   0,    2) (   0,    4)
          (   0,    1) (   0,    0) (   0,    0) (   8,    1) (   0,    2) (   0,    4) (   0,    1) (   0,    0) (   0,    0) (   8,    1)
          (   0,    2) (   0,    4) (   0,    1) (   0,    0) (   0,    0) (   8,    1) (   0,    2) (   0,    4) (   0,    1) (   0,    0)
          (   0,    0) (   8,    1) (   0,    2) (   0,    4) (   0,    1) (   0,    0) (   0,    0) (   8,    1) (   0,    2) (   0,    4)
          (   0,    1) (   0,    0) (   0,    0) (   8,    1) (   0,    2) (   0,    4) (   0,    1) (   0,    0) (   0,    0) (   8,    1)
          (   0,    2) (   0,    4) (   0,    1) (   0,    0) (   0,    0) (   8,    1) (   0,    2) (   0,    4) (   0,    1) (   0,    0)
          (   0,    0) (   8,    1) (   0,    2) (   0,    4) (   0,    1) (   0,    0) (   0,    0) (   8,    1) (   0,    2) (   0,    4)
          (   0,    1) (   0,    0) (   0,    0) (   8,    1) (   0,    2) (   0,    4) (   0,    1) (   0,    0) (   0,    0) (   8,    1)
          (   0,    2) (   0,    4) (   0,    1) (   0,    0) (   0,    0) (   8,    1) (   0,    2) (   0,    4) (   0,    1) (   0,    0)
          (   0,    0) (   8,    1) (   0,    2) (   0,    4) (   0,    1) (   0,    0) (   0,    0) (   8,    1) (   0,    2) (   0,    4)
          (   0,    1) (   0,    0) (   0,    0) (   8,    1) (   0,    2) (   0,    4) (   0,    1) (   0,    0) (   0,    0) (   8,    1)
          (   0,    2) (   0,    4) (   0,    1) (   0,    0) (   0,    0) (   8,    1) (   0,    2) (   0,    4) (   0,    1) (   0,    0)
          (   0,    0) (   8,    1) (   0,    2) (   0,    4) (   0,    1) (   0,    0) (   0,    0) (   8,    1) (   0,    2) (   0,    4)
          (   0,    1) (   0,    0) (   0,    0) (   8,    1) (   0,    2) (   0,    4) (   0,    1) (   0,    0) (   0,    0) (   8,    1)
          (   0,    2) (   0,    4) (   0,    1) (   0,    0) (   0,    0) (   8,    1) (   0,    2) (   0,    4) (   0,    1) (   0,    0)
          (   0,    0) (   8,    1) (   0,    2) (   0,    4) (   0,    1) (   0,    0) (   0,    0) (   8,    1) (   0,    2) (   0,    4)
          (   0,    1) (   0,    0) (   0,    0) (   8,    1) (   0,    2) (   0,    4) (   0,    1) (   0,    0) (   0,    0) (   8,    1)
          (   0,    2) (   0,    4) (   0,    1) (   0,    0) (   0,    0) (   8,    1) (   0,    2) (   0,    4) (   0,    1) (   0,    0)
          (   0,    0) (   8,    1) (   0,    2) (   0,    4) (   0,    1) (   0,    0) (   0,    0) (   8,    1) (   0,    2) (   0,    4)
          (   0,    1) (   0,    0) (   0,    0) (   8,    1) (   0,    2) (   0,    4) (   0,    1) (   0,    0) (   0,    0) (   8,    1)
          (   0,    2) (   0,    4) (   0,    1) (   0,    0) (   0,    0) (   8,    1) (   0,    2) (   0,    4) (   0,    1) (   0,    0)
          (   0,    0) (   8,    1) (   0,    2) (   0,    4) (   0,    1) (   0,    0) (   0,    0) (   8,    1) (   0,    2) (   0,    4)
          (   0,    1) (   0,    0) (   0,    0) (   8,    1) (   0,    2) (   0,    4) (   0,    1) (   0,    0) (   0,    0) (   8,    1)
          (   0,    2) (   0,    4) (   0,    1) (   0,    0) (   0,    0) (   8,    1) (   0,    2) (   0,    4) (   0,    1) (   0,    0)
          (   0,    0) (   8,    1) (   0,    2) (   0,    4) (   0,    1) (   0,    0) (   0,    0) (   8,    1) (   0,    2) (   0,    4)
          (   0,    1) (   0,    0) (   0,    0) (   8,    1) (   0,    2) (   0,    4) (   0,    1) (   0,    0) (   0,    0) (   8,    1)
          (   0,    2) (   0,    4) (   0,    1) (   0,    0) (   0,    0) (   8,    1) (   0,    2) (   0,    4) (   0,    1) (   0,    0)
          (   0,    0) (   8,    1) (   0,    2) (   0,    4) (   0,    1) (   0,    0) (   0,    0) (   8,    1) (   0,    2) (   0,    4)
         
node   3 sent_total    908  recv_total    910

node   4  (   1,    0) (   0,    0) (   0,    1) (   0,    0) (   0,    0) (   0,    0) (   0,    0) (   3,    1) (   0,    0) (   0,    4)
          (   0,    2) (   0,    0) (   0,    0) (   9,    1) (   0,    2) (   0,    4) (   0,    2) (   0,    0) (   0,    0) (   9,    1)
          (   0,    2) (   0,    4) (   0,    2) (   0,    0) (   0,    0) (   9,    1) (   0,    2) (   0,    4) (   0,    2) (   0,    0)
          (   0,    0) (   9,    1) (   0,    2) (   0,    4) (   0,    2) (   0,    0) (   0,    0) (   9,    1) (   0,    2) (   0,    4)
          (   0,    2) (   0,    0) (   0,    0) (   9,    1) (   0,    2) (   0,    4) (   0,    2) (   0,    0) (   0,    0) (   9,    1)
          (   0,    2) (   0,    4) (   0,    2) (   0,    0) (   0,    0) (   9,    0) (   0,    2) (   0,    2) (   0,    2) (   0,    0)
          (   0,    0) (   8,    1) (   0,    1) (   0,    4) (   0,    2) (   0,    0) (   0,    0) (   7,    1) (   0,    2) (   0,    3)
          (   0,    2) (   0,    0) (   0,    0) (   9,    0) (   0,    2) (   0,    4) (   0,    2) (   0,    0) (   0,    0) (   8,    1)
          (   0,    2) (   0,    4) (   0,    2) (   0,    0) (   0,    0) (   9,    1) (   0,    2) (   0,    4) (   0,    2) (   0,    0)
          (   0,    0) (   8,    1) (   0,    2) (   0,    1) (   0,    2) (   0,    0) (   0,    0) (   8,    1) (   0,    1) (   0,    4)
          (   0,    1) (   0,    0) (   0,    0) (   9,    1) (   0,    2) (   0,    4) (   0,    1) (   0,    0) (   0,    0) (   7,    1)
          (   0,    2) (   0,    3) (   0,    1) (   0,    0) (   0,    0) (   9,    1) (   0,    2) (   0,    2) (   0,    1) (   0,    0)
          (   0,    0) (   7,    1) (   0,    2) (   0,    4) (   0,    1) (   0,    0) (   0,    0) (   8,    1) (   0,    2) (   0,    4)
          (   0,    1) (   0,    0) (   0,    0) (   8,    1) (   0,    2) (   0,    3) (   0,    1) (   0,    0) (   0,    0) (   8,    1)
          (   0,    2) (   0,    3) (   0,    1) (   0,    0) (   0,    0) (   8,    1) (   0,    2) (   0,    4) (   0,    1) (   0,    0)
          (   0,    0) (   6,    1) (   0,    1) (   0,    4) (   0,    1) (   0,    0) (   0,    0) (   8,    1) (   0,    1) (   0,    4)
          (   0,    1) (   0,    0) (   0,    0) (   5,    1) (   0,    2) (   0,    2) (   0,    1) (   0,    0) (   0,    0) (   8,    1)
          (   0,    2) (   0,    3) (   0,    1) (   0,    0) (   0,    0) (   7,    1) (   0,    2) (   0,    4) (   0,    1) (   0,    0)
          (   0,    0) (   7,    1) (   0,    1) (   0,    4) (   0,    1) (   0,    0) (   0,    0) (   7,    1) (   0,    1) (   0,    4)
          (   0,    1) (   0,    0) (   0,    0) (   5,    1) (   0,    2) (   0,    4) (   0,    1) (   0,    0) (   0,    0) (   8,    1)
          (   0,    2) (   0,    3) (   0,    1) (   0,    0) (   0,    0) (   8,    1) (   0,    2) (   0,    3) (   0,    1) (   0,    0)
          (   0,    0) (   6,    1) (   0,    2) (   0,    4) (   0,    1) (   0,    0) (   0,    0) (   8,    1) (   0,    1) (   0,    4)
          (   0,    1) (   0,    0) (   0,    0) (   8,    1) (   0,    2) (   0,    2) (   0,    1) (   0,    0) (   0,    0) (   6,    1)
          (   0,    1) (   0,    3) (   0,    1) (   0,    0) (   0,    0) (   7,    1) (   0,    2) (   0,    4) (   0,    1) (   0,    0)
          (   0,    0) (   7,    1) (   0,    2) (   0,    4) (   0,    1) (   0,    0) (   0,    0) (   7,    1) (   0,    2) (   0,    4)
          (   0,    1) (   0,    0) (   0,    0) (   8,    0) (   0,    1) (   0,    4) (   0,    1) (   0,    0) (   0,    0) (   7,    1)
          (   0,    2) (   0,    4) (   0,    1) (   0,    0) (   0,    0) (   8,    1) (   0,    1) (   0,    4) (   0,    0) (   0,    0)
          (   0,    0) (   7,    1) (   0,    2) (   0,    4) (   0,    1) (   0,    0) (   0,    0) (   7,    1) (   0,    2) (   0,    4)
          (   0,    0) (   0,    0) (   0,    0) (   7,    1) (   0,    1) (   0,    4) (   0,    0) (   0,    0) (   0,    0) (   8,    0)
          (   0,    2) (   0,    4) (   0,    1) (   0,    0) (   0,    0) (   8,    1) (   0,    2) (   0,    4) (   0,    1) (   0,    0)
          (   0,    0) (   8,    1) (   0,    2) (   0,    4) (   0,    1) (   0,    0) (   0,    0) (   8,    1) (   0,    2) (   0,    4)
          (   0,    1) (   0,    0) (   0,    0) (   8,    1) (   0,    2) (   0,    4) (   0,    1) (   0,    0) (   0,    0) (   8,    1)
          (   0,    2) (   0,    4) (   0,    1) (   0,    0) (   0,    0) (   8,    1) (   0,    2) (   0,    4) (   0,    1) (   0,    0)
          (   0,    0) (   8,    1) (   0,    2) (   0,    4) (   0,    1) (   0,    0) (   0,    0) (   8,    1) (   0,    2) (   0,    4)
          (   0,    1) (   0,    0) (   0,    0) (   8,    1) (   0,    2) (   0,    4) (   0,    1) (   0,    0) (   0,    0) (   8,    1)
          (   0,    2) (   0,    4) (   0,    1) (   0,    0) (   0,    0) (   8,    1) (   0,    2) (   0,    4) (   0,    1) (   0,    0)
          (   0,    0) (   8,    1) (   0,    2) (   0,    4) (   0,    1) (   0,    0) (   0,    0) (   8,    1) (   0,    2) (   0,    4)
          (   0,    1) (   0,    0) (   0,    0) (   8,    1) (   0,    2) (   0,    4) (   0,    1) (   0,    0) (   0,    0) (   8,    1)
          (   0,    2) (   0,    4) (   0,    1) (   0,    0) (   0,    0) (   8,    1) (   0,    2) (   0,    4) (   0,    1) (   0,    0)
          (   0,    0) (   8,    1) (   0,    2) (   0,    4) (   0,    1) (   0,    0) (   0,    0) (   8,    1) (   0,    2) (   0,    4)
          (   0,    1) (   0,    0) (   0,    0) (   8,    1) (   0,    2) (   0,    4) (   0,    1) (   0,    0) (   0,    0) (   8,    1)
          (   0,    2) (   0,    4) (   0,    1) (   0,    0) (   0,    0) (   8,    1) (   0,    2) (   0,    4) (   0,    1) (   0,    0)
          (   0,    0) (   8,    1) (   0,    2) (   0,    4) (   0,    1) (   0,    0) (   0,    0) (   8,    1) (   0,    2) (   0,    4)
          (   0,    1) (   0,    0) (   0,    0) (   8,    1) (   0,    2) (   0,    4) (   0,    1) (   0,    0) (   0,    0) (   8,    1)
          (   0,    2) (   0,    4) (   0,    1) (   0,    0) (   0,    0) (   8,    1) (   0,    2) (   0,    4) (   0,    1) (   0,    0)
          (   0,    0) (   8,    1) (   0,    2) (   0,    4) (   0,    1) (   0,    0) (   0,    0) (   8,    1) (   0,    2) (   0,    4)
          (   0,    1) (   0,    0) (   0,    0) (   8,    1) (   0,    2) (   0,    4) (   0,    1) (   0,    0) (   0,    0) (   8,    1)
          (   0,    2) (   0,    4) (   0,    1) (   0,    0) (   0,    0) (   8,    1) (   0,    2) (   0,    4) (   0,    1) (   0,    0)
          (   0,    0) (   8,    1) (   0,    2) (   0,    4) (   0,    1) (   0,    0) (   0,    0) (   8,    1) (   0,    2) (   0,    4)
          (   0,    1) (   0,    0) (   0,    0) (   8,    1) (   0,    2) (   0,    4) (   0,    1) (   0,    0) (   0,    0) (   8,    1)
          (   0,    2) (   0,    4) (   0,    1) (   0,    0) (   0,    0) (   8,    1) (   0,    2) (   0,    4) (   0,    1) (   0,    0)
          (   0,    0) (   8,    1) (   0,    2) (   0,    4) (   0,    1) (   0,    0) (   0,    0) (   8,    1) (   0,    2) (   0,    4)
          (   0,    1) (   0,    0) (   0,    0) (   8,    1) (   0,    2) (   0,    4) (   0,    1) (   0,    0) (   0,    0) (   8,    1)
          (   0,    2) (   0,    4) (   0,    1) (   0,    0) (   0,    0) (   8,    1) (   0,    2) (   0,    4) (   0,    1) (   0,    0)
          (   0,    0) (   8,    1) (   0,    2) (   0,    4) (   0,    1) (   0,    0) (   0,    0) (   8,    1) (   0,    2) (   0,    4)
          (   0,    1) (   0,    0) (   0,    0) (   8,    1) (   0,    2) (   0,    4) (   0,    1) (   0,    0) (   0,    0) (   8,    1)
          (   0,    2) (   0,    4) (   0,    1) (   0,    0) (   0,    0) (   8,    1) (   0,    2) (   0,    4) (   0,    1) (   0,    0)
          (   0,    0) (   8,    1) (   0,    2) (   0,    4) (   0,    1) (   0,    0) (   0,    0) (   8,    1) (   0,    2) (   0,    4)
          (   0,    1) (   0,    0) (   0,    0) (   8,    1) (   0,    2) (   0,    4) (   0,    1) (   0,    0) (   0,    0) (   8,    1)
          (   0,    2) (   0,    4) (   0,    1) (   0,    0) (   0,    0) (   8,    1) (   0,    2) (   0,    4) (   0,    1) (   0,    0)
          (   0,    0) (   8,    1) (   0,    2) (   0,    4) (   0,    1) (   0,    0) (   0,    0) (   8,    1) (   0,    2) (   0,    4)
          (   0,    1) (   0,    0) (   0,    0) (   8,    1) (   0,    2) (   0,    4) (   0,    1) (   0,    0) (   0,    0) (   8,    1)
          (   0,    2) (   0,    4) (   0,    1) (   0,    0) (   0,    0) (   8,    1) (   0,    2) (   0,    4) (   0,    1) (   0,    0)
          (   0,    0) (   8,    1) (   0,    2) (   0,    4) (   0,    1) (   0,    0) (   0,    0) (   8,    1) (   0,    2) (   0,    4)
          (   0,    1) (   0,    0) (   0,    0) (   8,    1) (   0,    2) (   0,    4) (   0,    1) (   0,    0) (   0,    0) (   8,    1)
          (   0,    2) (   0,    4) (   0,    1) (   0,    0) (   0,    0) (   8,    1) (   0,    2) (   0,    4) (   0,    1) (   0,    0)
          (   0,    0) (   8,    1) (   0,    2) (   0,    4) (   0,    1) (   0,    0) (   0,    0) (   8,    1) (   0,    2) (   0,    4)
          (   0,    1) (   0,    0) (   0,    0) (   8,    1) (   0,    2) (   0,    4) (   0,    1) (   0,    0) (   0,    0) (   8,    1)
          (   0,    2) (   0,    4) (   0,    1) (   0,    0) (   0,    0) (   8,    1) (   0,    2) (   0,    4) (   0,    1) (   0,    0)
          (   0,    0) (   8,    1) (   0,    2) (   0,    4) (   0,    1) (   0,    0) (   0,    0) (   8,    1) (   0,    2) (   0,    4)
         
node   4 sent_total    911  recv_total    904

node   5  (   0,    0) (   1,    0) (   0,    0) (   0,    1) (   0,    0) (   0,    0) (   0,    0) (   0,    1) (   4,    0) (   0,    3)
          (   0,    2) (   0,    0) (   0,    0) (   0,    1) (   9,    3) (   0,    3) (   0,    2) (   0,    0) (   0,    0) (   0,    1)
          (   9,    3) (   0,    3) (   0,    2) (   0,    0) (   0,    0) (   0,    1) (   9,    3) (   0,    3) (   0,    2) (   0,    0)
          (   0,    0) (   0,    1) (   9,    3) (   0,    3) (   0,    2) (   0,    0) (   0,    0) (   0,    1) (   9,    3) (   0,    3)
          (   0,    2) (   0,    0) (   0,    0) (   0,    1) (   9,    3) (   0,    3) (   0,    2) (   0,    0) (   0,    0) (   0,    1)
          (   9,    3) (   0,    3) (   0,    2) (   0,    0) (   0,    0) (   0,    1) (   8,    3) (   0,    3) (   0,    2) (   0,    0)
          (   0,    0) (   0,    1) (   9,    3) (   0,    3) (   0,    2) (   0,    0) (   0,    0) (   0,    1) (   6,    3) (   0,    3)
          (   0,    2) (   0,    0) (   0,    0) (   0,    0) (   7,    3) (   0,    3) (   0,    2) (   0,    0) (   0,    0) (   0,    1)
          (   8,    2) (   0,    3) (   0,    1) (   0,    0) (   0,    0) (   0,    1) (   8,    3) (   0,    3) (   0,    1) (   0,    0)
          (   0,    0) (   0,    0) (   8,    3) (   0,    3) (   0,    2) (   0,    0) (   0,    0) (   0,    1) (   8,    1) (   0,    1)
          (   0,    2) (   0,    0) (   0,    0) (   0,    1) (   7,    3) (   0,    2) (   0,    1) (   0,    0) (   0,    0) (   0,    1)
          (   9,    3) (   0,    3) (   0,    1) (   0,    0) (   0,    0) (   0,    1) (   7,    3) (   0,    2) (   0,    1) (   0,    0)
          (   0,    0) (   0,    0) (   8,    0) (   0,    3) (   0,    1) (   0,    0) (   0,    0) (   0,    1) (   7,    3) (   0,    3)
          (   0,    1) (   0,    0) (   0,    0) (   0,    1) (   8,    3) (   0,    3) (   0,    1) (   0,    0) (   0,    0) (   0,    1)
          (   8,    3) (   0,    3) (   0,    1) (   0,    0) (   0,    0) (   0,    1) (   6,    2) (   0,    3) (   0,    1) (   0,    0)
          (   0,    0) (   0,    1) (   7,    2) (   0,    2) (   0,    1) (   0,    0) (   0,    0) (   0,    1) (   7,    2) (   0,    3)
          (   0,    1) (   0,    0) (   0,    0) (   0,    1) (   6,    3) (   0,    3) (   0,    1) (   0,    0) (   0,    0) (   0,    1)
          (   6,    3) (   0,    3) (   0,    1) (   0,    0) (   0,    0) (   0,    0) (   8,    3) (   0,    1) (   0,    1) (   0,    0)
          (   0,    0) (   0,    1) (   7,    3) (   0,    3) (   0,    1) (   0,    0) (   0,    0) (   0,    1) (   7,    2) (   0,    3)
          (   0,    1) (   0,    0) (   0,    0) (   0,    1) (   7,    1) (   0,    3) (   0,    1) (   0,    0) (   0,    0) (   0,    1)
          (   8,    3) (   0,    3) (   0,    1) (   0,    0) (   0,    0) (   0,    0) (   7,    3) (   0,    3) (   0,    1) (   0,    0)
          (   0,    0) (   0,    0) (   8,    3) (   0,    3) (   0,    1) (   0,    0) (   0,    0) (   0,    1) (   8,    3) (   0,    3)
          (   0,    1) (   0,    0) (   0,    0) (   0,    1) (   7,    3) (   0,    3) (   0,    1) (   0,    0) (   0,    0) (   0,    1)
          (   7,    3) (   0,    3) (   0,    1) (   0,    0) (   0,    0) (   0,    1) (   6,    2) (   0,    2) (   0,    1) (   0,    0)
          (   0,    0) (   0,    1) (   7,    2) (   0,    2) (   0,    0) (   0,    0) (   0,    0) (   0,    1) (   8,    3) (   0,    3)
          (   0,    1) (   0,    0) (   0,    0) (   0,    0) (   7,    2) (   0,    2) (   0,    1) (   0,    0) (   0,    0) (   0,    1)
          (   8,    2) (   0,    3) (   0,    1) (   0,    0) (   0,    0) (   0,    1) (   8,    3) (   0,    2) (   0,    1) (   0,    0)
          (   0,    0) (   0,    1) (   8,    3) (   0,    2) (   0,    0) (   0,    0) (   0,    0) (   0,    1) (   6,    2) (   0,    2)
          (   0,    1) (   0,    0) (   0,    0) (   0,    1) (   8,    3) (   0,    3) (   0,    1) (   0,    0) (   0,    0) (   0,    1)
          (   8,    3) (   0,    3) (   0,    1) (   0,    0) (   0,    0) (   0,    1) (   8,    3) (   0,    3) (   0,    1) (   0,    0)
          (   0,    0) (   0,    1) (   8,    3) (   0,    3) (   0,    1) (   0,    0) (   0,    0) (   0,    1) (   8,    3) (   0,    3)
          (   0,    1) (   0,    0) (   0,    0) (   0,    1) (   8,    3) (   0,    3) (   0,    1) (   0,    0) (   0,    0) (   0,    1)
          (   8,    3) (   0,    3) (   0,    1) (   0,    0) (   0,    0) (   0,    1) (   8,    3) (   0,    3) (   0,    1) (   0,    0)
          (   0,    0) (   0,    1) (   8,    3) (   0,    3) (   0,    1) (   0,    0) (   0,    0) (   0,    1) (   8,    3) (   0,    3)
          (   0,    1) (   0,    0) (   0,    0) (   0,    1) (   8,    3) (   0,    3) (   0,    1) (   0,    0) (   0,    0) (   0,    1)
          (   8,    3) (   0,    3) (   0,    1) (   0,    0) (   0,    0) (   0,    1) (   8,    3) (   0,    3) (   0,    1) (   0,    0)
          (   0,    0) (   0,    1) (   8,    3) (   0,    3) (   0,    1) (   0,    0) (   0,    0) (   0,    1) (   8,    3) (   0,    3)
          (   0,    1) (   0,    0) (   0,    0) (   0,    1) (   8,    3) (   0,    3) (   0,    1) (   0,    0) (   0,    0) (   0,    1)
          (   8,    3) (   0,    3) (   0,    1) (   0,    0) (   0,    0) (   0,    1) (   8,    3) (   0,    3) (   0,    1) (   0,    0)
          (   0,    0) (   0,    1) (   8,    3) (   0,    3) (   0,    1) (   0,    0) (   0,    0) (   0,    1) (   8,    3) (   0,    3)
          (   0,    1) (   0,    0) (   0,    0) (   0,    1) (   8,    3) (   0,    3) (   0,    1) (   0,    0) (   0,    0) (   0,    1)
          (   8,    3) (   0,    3) (   0,    1) (   0,    0) (   0,    0) (   0,    1) (   8,    3) (   0,    3) (   0,    1) (   0,    0)
          (   0,    0) (   0,    1) (   8,    3) (   0,    3) (   0,    1) (   0,    0) (   0,    0) (   0,    1) (   8,    3) (   0,    3)
          (   0,    1) (   0,    0) (   0,    0) (   0,    1) (   8,    3) (   0,    3) (   0,    1) (   0,    0) (   0,    0) (   0,    1)
          (   8,    3) (   0,    3) (   0,    1) (   0,    0) (   0,    0) (   0,    1) (   8,    3) (   0,    3) (   0,    1) (   0,    0)
          (   0,    0) (   0,    1) (   8,    3) (   0,    3) (   0,    1) (   0,    0) (   0,    0) (   0,    1) (   8,    3) (   0,    3)
          (   0,    1) (   0,    0) (   0,    0) (   0,    1) (   8,    3) (   0,    3) (   0,    1) (   0,    0) (   0,    0) (   0,    1)
          (   8,    3) (   0,    3) (   0,    1) (   0,    0) (   0,    0) (   0,    1) (   8,    3) (   0,    3) (   0,    1) (   0,    0)
          (   0,    0) (   0,    1) (   8,    3) (   0,    3) (   0,    1) (   0,    0) (   0,    0) (   0,    1) (   8,    3) (   0,    3)
          (   0,    1) (   0,    0) (   0,    0) (   0,    1) (   8,    3) (   0,    3) (   0,    1) (   0,    0) (   0,    0) (   0,    1)
          (   8,    3) (   0,    3) (   0,    1) (   0,    0) (   0,    0) (   0,    1) (   8,    3) (   0,    3) (   0,    1) (   0,    0)
          (   0,    0) (   0,    1) (   8,    3) (   0,    3) (   0,    1) (   0,    0) (   0,    0) (   0,    1) (   8,    3) (   0,    3)
          (   0,    1) (   0,    0) (   0,    0) (   0,    1) (   8,    3) (   0,    3) (   0,    1) (   0,    0) (   0,    0) (   0,    1)
          (   8,    3) (   0,    3) (   0,    1) (   0,    0) (   0,    0) (   0,    1) (   8,    3) (   0,    3) (   0,    1) (   0,    0)
          (   0,    0) (   0,    1) (   8,    3) (   0,    3) (   0,    1) (   0,    0) (   0,    0) (   0,    1) (   8,    3) (   0,    3)
          (   0,    1) (   0,    0) (   0,    0) (   0,    1) (   8,    3) (   0,    3) (   0,    1) (   0,    0) (   0,    0) (   0,    1)
          (   8,    3) (   0,    3) (   0,    1) (   0,    0) (   0,    0) (   0,    1) (   8,    3) (   0,    3) (   0,    1) (   0,    0)
          (   0,    0) (   0,    1) (   8,    3) (   0,    3) (   0,    1) (   0,    0) (   0,    0) (   0,    1) (   8,    3) (   0,    3)
          (   0,    1) (   0,    0) (   0,    0) (   0,    1) (   8,    3) (   0,    3) (   0,    1) (   0,    0) (   0,    0) (   0,    1)
          (   8,    3) (   0,    3) (   0,    1) (   0,    0) (   0,    0) (   0,    1) (   8,    3) (   0,    3) (   0,    1) (   0,    0)
          (   0,    0) (   0,    1) (   8,    3) (   0,    3) (   0,    1) (   0,    0) (   0,    0) (   0,    1) (   8,    3) (   0,    3)
          (   0,    1) (   0,    0) (   0,    0) (   0,    1) (   8,    3) (   0,    3) (   0,    1) (   0,    0) (   0,    0) (   0,    1)
          (   8,    3) (   0,    3) (   0,    1) (   0,    0) (   0,    0) (   0,    1) (   8,    3) (   0,    3) (   0,    1) (   0,    0)
          (   0,    0) (   0,    1) (   8,    3) (   0,    3) (   0,    1) (   0,    0) (   0,    0) (   0,    1) (   8,    3) (   0,    3)
          (   0,    1) (   0,    0) (   0,    0) (   0,    1) (   8,    3) (   0,    3) (   0,    1) (   0,    0) (   0,    0) (   0,    1)
          (   8,    3) (   0,    3) (   0,    1) (   0,    0) (   0,    0) (   0,    1) (   8,    3) (   0,    3) (   0,    1) (   0,    0)
          (   0,    0) (   0,    1) (   8,    3) (   0,    3) (   0,    1) (   0,    0) (   0,    0) (   0,    1) (   8,    3) (   0,    3)
          (   0,    1) (   0,    0) (   0,    0) (   0,    1) (   8,    3) (   0,    3) (   0,    1) (   0,    0) (   0,    0) (   0,    1)
          (   8,    3) (   0,    3) (   0,    1) (   0,    0) (   0,    0) (   0,    1) (   8,    3) (   0,    3) (   0,    1) (   0,    0)
          (   0,    0) (   0,    1) (   8,    3) (   0,    3) (   0,    1) (   0,    0) (   0,    0) (   0,    1) (   8,    3) (   0,    3)
         
node   5 sent_total    908  recv_total    900

node   6  (   0,    0) (   1,    0) (   0,    0) (   0,    1) (   0,    0) (   0,    0) (   0,    0) (   0,    1) (   5,    0) (   0,    2)
          (   0,    2) (   0,    0) (   0,    0) (   0,    1) (   9,    3) (   0,    3) (   0,    2) (   0,    0) (   0,    0) (   0,    1)
          (   9,    3) (   0,    3) (   0,    2) (   0,    0) (   0,    0) (   0,    1) (   9,    3) (   0,    3) (   0,    2) (   0,    0)
          (   0,    0) (   0,    1) (   9,    3) (   0,    3) (   0,    2) (   0,    0) (   0,    0) (   0,    1) (   9,    3) (   0,    3)
          (   0,    2) (   0,    0) (   0,    0) (   0,    1) (   9,    3) (   0,    3) (   0,    2) (   0,    0) (   0,    0) (   0,    1)
          (   9,    3) (   0,    3) (   0,    2) (   0,    0) (   0,    0) (   0,    1) (   8,    3) (   0,    2) (   0,    1) (   0,    0)
          (   0,    0) (   0,    1) (   9,    3) (   0,    3) (   0,    2) (   0,    0) (   0,    0) (   0,    1) (   9,    2) (   0,    3)
          (   0,    2) (   0,    0) (   0,    0) (   0,    1) (   9,    3) (   0,    2) (   0,    2) (   0,    0) (   0,    0) (   0,    1)
          (   9,    3) (   0,    1) (   0,    2) (   0,    0) (   0,    0) (   0,    1) (   8,    3) (   0,    3) (   0,    2) (   0,    0)
          (   0,    0) (   0,    1) (   7,    3) (   0,    2) (   0,    2) (   0,    0) (   0,    0) (   0,    1) (   8,    2) (   0,    2)
          (   0,    2) (   0,    0) (   0,    0) (   0,    1) (   9,    3) (   0,    3) (   0,    1) (   0,    0) (   0,    0) (   0,    1)
          (   6,    2) (   0,    3) (   0,    1) (   0,    0) (   0,    0) (   0,    1) (   7,    3) (   0,    3) (   0,    1) (   0,    0)
          (   0,    0) (   0,    1) (   7,    3) (   0,    3) (   0,    0) (   0,    0) (   0,    0) (   0,    1) (   7,    3) (   0,    3)
          (   0,    1) (   0,    0) (   0,    0) (   0,    1) (   8,    3) (   0,    3) (   0,    1) (   0,    0) (   0,    0) (   0,    1)
          (   8,    3) (   0,    3) (   0,    1) (   0,    0) (   0,    0) (   0,    1) (   8,    1) (   0,    2) (   0,    1) (   0,    0)
          (   0,    0) (   0,    1) (   5,    3) (   0,    3) (   0,    1) (   0,    0) (   0,    0) (   0,    1) (   8,    3) (   0,    2)
          (   0,    0) (   0,    0) (   0,    0) (   0,    0) (   6,    3) (   0,    3) (   0,    1) (   0,    0) (   0,    0) (   0,    1)
          (   7,    3) (   0,    3) (   0,    1) (   0,    0) (   0,    0) (   0,    1) (   8,    3) (   0,    3) (   0,    1) (   0,    0)
          (   0,    0) (   0,    1) (   7,    3) (   0,    3) (   0,    1) (   0,    0) (   0,    0) (   0,    0) (   8,    2) (   0,    1)
          (   0,    1) (   0,    0) (   0,    0) (   0,    1) (   8,    3) (   0,    2) (   0,    1) (   0,    0) (   0,    0) (   0,    1)
          (   7,    3) (   0,    3) (   0,    1) (   0,    0) (   0,    0) (   0,    1) (   7,    3) (   0,    3) (   0,    1) (   0,    0)
          (   0,    0) (   0,    1) (   7,    3) (   0,    3) (   0,    1) (   0,    0) (   0,    0) (   0,    1) (   8,    3) (   0,    3)
          (   0,    1) (   0,    0) (   0,    0) (   0,    0) (   8,    3) (   0,    3) (   0,    0) (   0,    0) (   0,    0) (   0,    1)
          (   8,    3) (   0,    3) (   0,    1) (   0,    0) (   0,    0) (   0,    1) (   7,    3) (   0,    3) (   0,    1) (   0,    0)
          (   0,    0) (   0,    1) (   6,    3) (   0,    3) (   0,    1) (   0,    0) (   0,    0) (   0,    1) (   7,    2) (   0,    3)
          (   0,    1) (   0,    0) (   0,    0) (   0,    1) (   7,    3) (   0,    2) (   0,    1) (   0,    0) (   0,    0) (   0,    1)
          (   7,    3) (   0,    3) (   0,    1) (   0,    0) (   0,    0) (   0,    1) (   7,    3) (   0,    3) (   0,    0) (   0,    0)
          (   0,    0) (   0,    1) (   7,    3) (   0,    3) (   0,    1) (   0,    0) (   0,    0) (   0,    1) (   7,    3) (   0,    3)
          (   0,    1) (   0,    0) (   0,    0) (   0,    1) (   8,    3) (   0,    3) (   0,    1) (   0,    0) (   0,    0) (   0,    1)
          (   7,    3) (   0,    3) (   0,    1) (   0,    0) (   0,    0) (   0,    1) (   7,    3) (   0,    3) (   0,    1) (   0,    0)
          (   0,    0) (   0,    1) (   8,    3) (   0,    3) (   0,    1) (   0,    0) (   0,    0) (   0,    1) (   8,    3) (   0,    3)
          (   0,    1) (   0,    0) (   0,    0) (   0,    1) (   8,    3) (   0,    3) (   0,    1) (   0,    0) (   0,    0) (   0,    1)
          (   8,    3) (   0,    3) (   0,    1) (   0,    0) (   0,    0) (   0,    1) (   8,    3) (   0,    3) (   0,    1) (   0,    0)
          (   0,    0) (   0,    1) (   8,    3) (   0,    3) (   0,    1) (   0,    0) (   0,    0) (   0,    1) (   8,    3) (   0,    3)
          (   0,    1) (   0,    0) (   0,    0) (   0,    1) (   8,    3) (   0,    3) (   0,    1) (   0,    0) (   0,    0) (   0,    1)
          (   8,    3) (   0,    3) (   0,    1) (   0,    0) (   0,    0) (   0,    1) (   8,    3) (   0,    3) (   0,    1) (   0,    0)
          (   0,    0) (   0,    1) (   8,    3) (   0,    3) (   0,    1) (   0,    0) (   0,    0) (   0,    1) (   8,    3) (   0,    3)
          (   0,    1) (   0,    0) (   0,    0) (   0,    1) (   8,    3) (   0,    3) (   0,    1) (   0,    0) (   0,    0) (   0,    1)
          (   8,    3) (   0,    3) (   0,    1) (   0,    0) (   0,    0) (   0,    1) (   8,    3) (   0,    3) (   0,    1) (   0,    0)
          (   0,    0) (   0,    1) (   8,    3) (   0,    3) (   0,    1) (   0,    0) (   0,    0) (   0,    1) (   8,    3) (   0,    3)
          (   0,    1) (   0,    0) (   0,    0) (   0,    1) (   8,    3) (   0,    3) (   0,    1) (   0,    0) (   0,    0) (   0,    1)
          (   8,    3) (   0,    3) (   0,    1) (   0,    0) (   0,    0) (   0,    1) (   8,    3) (   0,    3) (   0,    1) (   0,    0)
          (   0,    0) (   0,    1) (   8,    3) (   0,    3) (   0,    1) (   0,    0) (   0,    0) (   0,    1) (   8,    3) (   0,    3)
          (   0,    1) (   0,    0) (   0,    0) (   0,    1) (   8,    3) (   0,    3) (   0,    1) (   0,    0) (   0,    0) (   0,    1)
          (   8,    3) (   0,    3) (   0,    1) (   0,    0) (   0,    0) (   0,    1) (   8,    3) (   0,    3) (   0,    1) (   0,    0)
          (   0,    0) (   0,    1) (   8,    3) (   0,    3) (   0,    1) (   0,    0) (   0,    0) (   0,    1) (   8,    3) (   0,    3)
          (   0,    1) (   0,    0) (   0,    0) (   0,    1) (   8,    3) (   0,    3) (   0,    1) (   0,    0) (   0,    0) (   0,    1)
          (   8,    3) (   0,    3) (   0,    1) (   0,    0) (   0,    0) (   0,    1) (   8,    3) (   0,    3) (   0,    1) (   0,    0)
          (   0,    0) (   0,    1) (   8,    3) (   0,    3) (   0,    1) (   0,    0) (   0,    0) (   0,    1) (   8,    3) (   0,    3)
          (   0,    1) (   0,    0) (   0,    0) (   0,    1) (   8,    3) (   0,    3) (   0,    1) (   0,    0) (   0,    0) (   0,    1)
          (   8,    3) (   0,    3) (   0,    1) (   0,    0) (   0,    0) (   0,    1) (   8,    3) (   0,    3) (   0,    1) (   0,    0)
          (   0,    0) (   0,    1) (   8,    3) (   0,    3) (   0,    1) (   0,    0) (   0,    0) (   0,    1) (   8,    3) (   0,    3)
          (   0,    1) (   0,    0) (   0,    0) (   0,    1) (   8,    3) (   0,    3) (   0,    1) (   0,    0) (   0,    0) (   0,    1)
          (   8,    3) (   0,    3) (   0,    1) (   0,    0) (   0,    0) (   0,    1) (   8,    3) (   0,    3) (   0,    1) (   0,    0)
          (   0,    0) (   0,    1) (   8,    3) (   0,    3) (   0,    1) (   0,    0) (   0,    0) (   0,    1) (   8,    3) (   0,    3)
          (   0,    1) (   0,    0) (   0,    0) (   0,    1) (   8,    3) (   0,    3) (   0,    1) (   0,    0) (   0,    0) (   0,    1)
          (   8,    3) (   0,    3) (   0,    1) (   0,    0) (   0,    0) (   0,    1) (   8,    3) (   0,    3) (   0,    1) (   0,    0)
          (   0,    0) (   0,    1) (   8,    3) (   0,    3) (   0,    1) (   0,    0) (   0,    0) (   0,    1) (   8,    3) (   0,    3)
          (   0,    1) (   0,    0) (   0,    0) (   0,    1) (   8,    3) (   0,    3) (   0,    1) (   0,    0) (   0,    0) (   0,    1)
          (   8,    3) (   0,    3) (   0,    1) (   0,    0) (   0,    0) (   0,    1) (   8,    3) (   0,    3) (   0,    1) (   0,    0)
          (   0,    0) (   0,    1) (   8,    3) (   0,    3) (   0,    1) (   0,    0) (   0,    0) (   0,    1) (   8,    3) (   0,    3)
          (   0,    1) (   0,    0) (   0,    0) (   0,    1) (   8,    3) (   0,    3) (   0,    1) (   0,    0) (   0,    0) (   0,    1)
          (   8,    3) (   0,    3) (   0,    1) (   0,    0) (   0,    0) (   0,    1) (   8,    3) (   0,    3) (   0,    1) (   0,    0)
          (   0,    0) (   0,    1) (   8,    3) (   0,    3) (   0,    1) (   0,    0) (   0,    0) (   0,    1) (   8,    3) (   0,    3)
          (   0,    1) (   0,    0) (   0,    0) (   0,    1) (   8,    3) (   0,    3) (   0,    1) (   0,    0) (   0,    0) (   0,    1)
          (   8,    3) (   0,    3) (   0,    1) (   0,    0) (   0,    0) (   0,    1) (   8,    3) (   0,    3) (   0,    1) (   0,    0)
          (   0,    0) (   0,    1) (   8,    3) (   0,    3) (   0,    1) (   0,    0) (   0,    0) (   0,    1) (   8,    3) (   0,    3)
          (   0,    1) (   0,    0) (   0,    0) (   0,    1) (   8,    3) (   0,    3) (   0,    1) (   0,    0) (   0,    0) (   0,    1)
          (   8,    3) (   0,    3) (   0,    1) (   0,    0) (   0,    0) (   0,    1) (   8,    3) (   0,    3) (   0,    1) (   0,    0)
          (   0,    0) (   0,    1) (   8,    3) (   0,    3) (   0,    1) (   0,    0) (   0,    0) (   0,    1) (   8,    3) (   0,    3)
         
node   6 sent_total    911  recv_total    913

node   7  (   0,    0) (   1,    0) (   0,    0) (   0,    1) (   0,    0) (   0,    0) (   0,    0) (   0,    1) (   6,    0) (   0,    1)
          (   0,    2) (   0,    0) (   0,    0) (   0,    1) (   9,    3) (   0,    3) (   0,    2) (   0,    0) (   0,    0) (   0,    1)
          (   9,    3) (   0,    3) (   0,    2) (   0,    0) (   0,    0) (   0,    1) (   9,    3) (   0,    3) (   0,    2) (   0,    0)
          (   0,    0) (   0,    1) (   9,    3) (   0,    3) (   0,    2) (   0,    0) (   0,    0) (   0,    1) (   9,    3) (   0,    3)
          (   0,    2) (   0,    0) (   0,    0) (   0,    1) (   9,    3) (   0,    3) (   0,    2) (   0,    0) (   0,    0) (   0,    1)
          (   9,    3) (   0,    3) (   0,    2) (   0,    0) (   0,    0) (   0,    1) (   7,    2) (   0,    3) (   0,    2) (   0,    0)
          (   0,    0) (   0,    1) (   9,    3) (   0,    3) (   0,    1) (   0,    0) (   0,    0) (   0,    1) (   7,    2) (   0,    3)
          (   0,    2) (   0,    0) (   0,    0) (   0,    1) (   7,    3) (   0,    3) (   0,    2) (   0,    0) (   0,    0) (   0,    1)
          (   8,    3) (   0,    3) (   0,    1) (   0,    0) (   0,    0) (   0,    1) (   8,    3) (   0,    3) (   0,    1) (   0,    0)
          (   0,    0) (   0,    1) (   7,    3) (   0,    3) (   0,    2) (   0,    0) (   0,    0) (   0,    1) (   8,    3) (   0,    3)
          (   0,    2) (   0,    0) (   0,    0) (   0,    0) (   8,    3) (   0,    3) (   0,    0) (   0,    0) (   0,    0) (   0,    1)
          (   9,    0) (   0,    3) (   0,    1) (   0,    0) (   0,    0) (   0,    1) (   8,    1) (   0,    3) (   0,    1) (   0,    0)
          (   0,    0) (   0,    1) (   8,    2) (   0,    3) (   0,    1) (   0,    0) (   0,    0) (   0,    1) (   7,    3) (   0,    3)
          (   0,    1) (   0,    0) (   0,    0) (   0,    1) (   7,    3) (   0,    3) (   0,    1) (   0,    0) (   0,    0) (   0,    0)
          (   5,    3) (   0,    3) (   0,    1) (   0,    0) (   0,    0) (   0,    1) (   7,    2) (   0,    3) (   0,    1) (   0,    0)
          (   0,    0) (   0,    1) (   7,    3) (   0,    3) (   0,    1) (   0,    0) (   0,    0) (   0,    1) (   8,    3) (   0,    3)
          (   0,    0) (   0,    0) (   0,    0) (   0,    1) (   8,    2) (   0,    3) (   0,    1) (   0,    0) (   0,    0) (   0,    1)
          (   7,    3) (   0,    3) (   0,    1) (   0,    0) (   0,    0) (   0,    1) (   6,    0) (   0,    3) (   0,    1) (   0,    0)
          (   0,    0) (   0,    0) (   8,    3) (   0,    2) (   0,    1) (   0,    0) (   0,    0) (   0,    1) (   7,    3) (   0,    3)
          (   0,    1) (   0,    0) (   0,    0) (   0,    1) (   8,    3) (   0,    3) (   0,    1) (   0,    0) (   0,    0) (   0,    0)
          (   6,    2) (   0,    3) (   0,    0) (   0,    0) (   0,    0) (   0,    1) (   8,    3) (   0,    3) (   0,    1) (   0,    0)
          (   0,    0) (   0,    1) (   8,    2) (   0,    3) (   0,    1) (   0,    0) (   0,    0) (   0,    1) (   8,    3) (   0,    3)
          (   0,    1) (   0,    0) (   0,    0) (   0,    0) (   7,    3) (   0,    3) (   0,    1) (   0,    0) (   0,    0) (   0,    1)
          (   8,    3) (   0,    3) (   0,    1) (   0,    0) (   0,    0) (   0,    1) (   7,    3) (   0,    2) (   0,    1) (   0,    0)
          (   0,    0) (   0,    1) (   7,    2) (   0,    2) (   0,    1) (   0,    0) (   0,    0) (   0,    1) (   5,    2) (   0,    2)
          (   0,    1) (   0,    0) (   0,    0) (   0,    0) (   6,    3) (   0,    3) (   0,    0) (   0,    0) (   0,    0) (   0,    1)
          (   7,    3) (   0,    2) (   0,    1) (   0,    0) (   0,    0) (   0,    1) (   7,    3) (   0,    2) (   0,    1) (   0,    0)
          (   0,    0) (   0,    1) (   7,    1) (   0,    3) (   0,    1) (   0,    0) (   0,    0) (   0,    1) (   7,    2) (   0,    2)
          (   0,    1) (   0,    0) (   0,    0) (   0,    1) (   7,    3) (   0,    3) (   0,    1) (   0,    0) (   0,    0) (   0,    0)
          (   8,    3) (   0,    3) (   0,    1) (   0,    0) (   0,    0) (   0,    1) (   8,    3) (   0,    3) (   0,    1) (   0,    0)
          (   0,    0) (   0,    1) (   8,    3) (   0,    3) (   0,    1) (   0,    0) (   0,    0) (   0,    1) (   8,    3) (   0,    3)
          (   0,    1) (   0,    0) (   0,    0) (   0,    1) (   8,    3) (   0,    3) (   0,    1) (   0,    0) (   0,    0) (   0,    1)
          (   8,    3) (   0,    3) (   0,    1) (   0,    0) (   0,    0) (   0,    1) (   8,    3) (   0,    3) (   0,    1) (   0,    0)
          (   0,    0) (   0,    1) (   8,    3) (   0,    3) (   0,    1) (   0,    0) (   0,    0) (   0,    1) (   8,    3) (   0,    3)
          (   0,    1) (   0,    0) (   0,    0) (   0,    1) (   8,    3) (   0,    3) (   0,    1) (   0,    0) (   0,    0) (   0,    1)
          (   8,    3) (   0,    3) (   0,    1) (   0,    0) (   0,    0) (   0,    1) (   8,    3) (   0,    3) (   0,    1) (   0,    0)
          (   0,    0) (   0,    1) (   8,    3) (   0,    3) (   0,    1) (   0,    0) (   0,    0) (   0,    1) (   8,    3) (   0,    3)
          (   0,    1) (   0,    0) (   0,    0) (   0,    1) (   8,    3) (   0,    3) (   0,    1) (   0,    0) (   0,    0) (   0,    1)
          (   8,    3) (   0,    3) (   0,    1) (   0,    0) (   0,    0) (   0,    1) (   8,    3) (   0,    3) (   0,    1) (   0,    0)
          (   0,    0) (   0,    1) (   8,    3) (   0,    3) (   0,    1) (   0,    0) (   0,    0) (   0,    1) (   8,    3) (   0,    3)
          (   0,    1) (   0,    0) (   0,    0) (   0,    1) (   8,    3) (   0,    3) (   0,    1) (   0,    0) (   0,    0) (   0,    1)
          (   8,    3) (   0,    3) (   0,    1) (   0,    0) (   0,    0) (   0,    1) (   8,    3) (   0,    3) (   0,    1) (   0,    0)
          (   0,    0) (   0,    1) (   8,    3) (   0,    3) (   0,    1) (   0,    0) (   0,    0) (   0,    1) (   8,    3) (   0,    3)
          (   0,    1) (   0,    0) (   0,    0) (   0,    1) (   8,    3) (   0,    3) (   0,    1) (   0,    0) (   0,    0) (   0,    1)
          (   8,    3) (   0,    3) (   0,    1) (   0,    0) (   0,    0) (   0,    1) (   8,    3) (   0,    3) (   0,    1) (   0,    0)
          (   0,    0) (   0,    1) (   8,    3) (   0,    3) (   0,    1) (   0,    0) (   0,    0) (   0,    1) (   8,    3) (   0,    3)
          (   0,    1) (   0,    0) (   0,    0) (   0,    1) (   8,    3) (   0,    3) (   0,    1) (   0,    0) (   0,    0) (   0,    1)
          (   8,    3) (   0,    3) (   0,    1) (   0,    0) (   0,    0) (   0,    1) (   8,    3) (   0,    3) (   0,    1) (   0,    0)
          (   0,    0) (   0,    1) (   8,    3) (   0,    3) (   0,    1) (   0,    0) (   0,    0) (   0,    1) (   8,    3) (   0,    3)
          (   0,    1) (   0,    0) (   0,    0) (   0,    1) (   8,    3) (   0,    3) (   0,    1) (   0,    0) (   0,    0) (   0,    1)
          (   8,    3) (   0,    3) (   0,    1) (   0,    0) (   0,    0) (   0,    1) (   8,    3) (   0,    3) (   0,    1) (   0,    0)
          (   0,    0) (   0,    1) (   8,    3) (   0,    3) (   0,    1) (   0,    0) (   0,    0) (   0,    1) (   8,    3) (   0,    3)
          (   0,    1) (   0,    0) (   0,    0) (   0,    1) (   8,    3) (   0,    3) (   0,    1) (   0,    0) (   0,    0) (   0,    1)
          (   8,    3) (   0,    3) (   0,    1) (   0,    0) (   0,    0) (   0,    1) (   8,    3) (   0,    3) (   0,    1) (   0,    0)
          (   0,    0) (   0,    1) (   8,    3) (   0,    3) (   0,    1) (   0,    0) (   0,    0) (   0,    1) (   8,    3) (   0,    3)
          (   0,    1) (   0,    0) (   0,    0) (   0,    1) (   8,    3) (   0,    3) (   0,    1) (   0,    0) (   0,    0) (   0,    1)
          (   8,    3) (   0,    3) (   0,    1) (   0,    0) (   0,    0) (   0,    1) (   8,    3) (   0,    3) (   0,    1) (   0,    0)
          (   0,    0) (   0,    1) (   8,    3) (   0,    3) (   0,    1) (   0,    0) (   0,    0) (   0,    1) (   8,    3) (   0,    3)
          (   0,    1) (   0,    0) (   0,    0) (   0,    1) (   8,    3) (   0,    3) (   0,    1) (   0,    0) (   0,    0) (   0,    1)
          (   8,    3) (   0,    3) (   0,    1) (   0,    0) (   0,    0) (   0,    1) (   8,    3) (   0,    3) (   0,    1) (   0,    0)
          (   0,    0) (   0,    1) (   8,    3) (   0,    3) (   0,    1) (   0,    0) (   0,    0) (   0,    1) (   8,    3) (   0,    3)
          (   0,    1) (   0,    0) (   0,    0) (   0,    1) (   8,    3) (   0,    3) (   0,    1) (   0,    0) (   0,    0) (   0,    1)
          (   8,    3) (   0,    3) (   0,    1) (   0,    0) (   0,    0) (   0,    1) (   8,    3) (   0,    3) (   0,    1) (   0,    0)
          (   0,    0) (   0,    1) (   8,    3) (   0,    3) (   0,    1) (   0,    0) (   0,    0) (   0,    1) (   8,    3) (   0,    3)
          (   0,    1) (   0,    0) (   0,    0) (   0,    1) (   8,    3) (   0,    3) (   0,    1) (   0,    0) (   0,    0) (   0,    1)
          (   8,    3) (   0,    3) (   0,    1) (   0,    0) (   0,    0) (   0,    1) (   8,    3) (   0,    3) (   0,    1) (   0,    0)
          (   0,    0) (   0,    1) (   8,    3) (   0,    3) (   0,    1) (   0,    0) (   0,    0) (   0,    1) (   8,    3) (   0,    3)
          (   0,    1) (   0,    0) (   0,    0) (   0,    1) (   8,    3) (   0,    3) (   0,    1) (   0,    0) (   0,    0) (   0,    1)
          (   8,    3) (   0,    3) (   0,    1) (   0,    0) (   0,    0) (   0,    1) (   8,    3) (   0,    3) (   0,    1) (   0,    0)
          (   0,    0) (   0,    1) (   8,    3) (   0,    3) (   0,    1) (   0,    0) (   0,    0) (   0,    1) (   8,    3) (   0,    3)
         
node   7 sent_total    906  recv_total    898

node   8  (   0,    0) (   1,    0) (   0,    0) (   0,    1) (   0,    0) (   0,    0) (   0,    0) (   0,    1) (   7,    0) (   0,    0)
          (   0,    2) (   0,    0) (   0,    0) (   0,    1) (   9,    3) (   0,    3) (   0,    2) (   0,    0) (   0,    0) (   0,    1)
          (   9,    3) (   0,    3) (   0,    2) (   0,    0) (   0,    0) (   0,    1) (   9,    3) (   0,    3) (   0,    2) (   0,    0)
          (   0,    0) (   0,    1) (   9,    3) (   0,    3) (   0,    2) (   0,    0) (   0,    0) (   0,    1) (   9,    3) (   0,    3)
          (   0,    2) (   0,    0) (   0,    0) (   0,    1) (   9,    3) (   0,    3) (   0,    2) (   0,    0) (   0,    0) (   0,    1)
          (   9,    3) (   0,    3) (   0,    2) (   0,    0) (   0,    0) (   0,    0) (   9,    3) (   0,    2) (   0,    2) (   0,    0)
          (   0,    0) (   0,    1) (   9,    3) (   0,    3) (   0,    1) (   0,    0) (   0,    0) (   0,    1) (   9,    3) (   0,    2)
          (   0,    1) (   0,    0) (   0,    0) (   0,    1) (   7,    3) (   0,    3) (   0,    2) (   0,    0) (   0,    0) (   0,    0)
          (   9,    3) (   0,    3) (   0,    2) (   0,    0) (   0,    0) (   0,    1) (   8,    2) (   0,    3) (   0,    2) (   0,    0)
          (   0,    0) (   0,    1) (   6,    2) (   0,    2) (   0,    2) (   0,    0) (   0,    0) (   0,    1) (   7,    3) (   0,    3)
          (   0,    2) (   0,    0) (   0,    0) (   0,    1) (   8,    2) (   0,    3) (   0,    1) (   0,    0) (   0,    0) (   0,    1)
          (   9,    3) (   0,    2) (   0,    1) (   0,    0) (   0,    0) (   0,    0) (   9,    3) (   0,    3) (   0,    1) (   0,    0)
          (   0,    0) (   0,    1) (   8,    2) (   0,    2) (   0,    1) (   0,    0) (   0,    0) (   0,    1) (   8,    3) (   0,    2)
          (   0,    1) (   0,    0) (   0,    0) (   0,    1) (   7,    3) (   0,    2) (   0,    0) (   0,    0) (   0,    0) (   0,    1)
          (   7,    3) (   0,    2) (   0,    1) (   0,    0) (   0,    0) (   0,    1) (   6,    3) (   0,    3) (   0,    1) (   0,    0)
          (   0,    0) (   0,    1) (   8,    3) (   0,    3) (   0,    1) (   0,    0) (   0,    0) (   0,    1) (   7,    2) (   0,    3)
          (   0,    1) (   0,    0) (   0,    0) (   0,    1) (   8,    3) (   0,    3) (   0,    0) (   0,    0) (   0,    0) (   0,    1)
          (   7,    3) (   0,    3) (   0,    1) (   0,    0) (   0,    0) (   0,    0) (   7,    3) (   0,    3) (   0,    1) (   0,    0)
          (   0,    0) (   0,    0) (   7,    3) (   0,    2) (   0,    1) (   0,    0) (   0,    0) (   0,    0) (   7,    3) (   0,    2)
          (   0,    1) (   0,    0) (   0,    0) (   0,    1) (   8,    3) (   0,    3) (   0,    1) (   0,    0) (   0,    0) (   0,    1)
          (   7,    3) (   0,    3) (   0,    1) (   0,    0) (   0,    0) (   0,    1) (   8,    3) (   0,    3) (   0,    1) (   0,    0)
          (   0,    0) (   0,    1) (   7,    3) (   0,    3) (   0,    1) (   0,    0) (   0,    0) (   0,    1) (   8,    3) (   0,    3)
          (   0,    1) (   0,    0) (   0,    0) (   0,    1) (   8,    3) (   0,    3) (   0,    1) (   0,    0) (   0,    0) (   0,    1)
          (   8,    2) (   0,    3) (   0,    1) (   0,    0) (   0,    0) (   0,    0) (   8,    3) (   0,    3) (   0,    1) (   0,    0)
          (   0,    0) (   0,    1) (   8,    3) (   0,    2) (   0,    1) (   0,    0) (   0,    0) (   0,    1) (   7,    3) (   0,    2)
          (   0,    1) (   0,    0) (   0,    0) (   0,    1) (   7,    3) (   0,    3) (   0,    1) (   0,    0) (   0,    0) (   0,    1)
          (   8,    3) (   0,    3) (   0,    0) (   0,    0) (   0,    0) (   0,    1) (   7,    3) (   0,    3) (   0,    1) (   0,    0)
          (   0,    0) (   0,    1) (   8,    3) (   0,    3) (   0,    1) (   0,    0) (   0,    0) (   0,    1) (   7,    2) (   0,    3)
          (   0,    1) (   0,    0) (   0,    0) (   0,    1) (   8,    2) (   0,    3) (   0,    1) (   0,    0) (   0,    0) (   0,    1)
          (   7,    3) (   0,    3) (   0,    1) (   0,    0) (   0,    0) (   0,    1) (   8,    2) (   0,    3) (   0,    1) (   0,    0)
          (   0,    0) (   0,    1) (   8,    3) (   0,    3) (   0,    1) (   0,    0) (   0,    0) (   0,    1) (   8,    3) (   0,    3)
          (   0,    1) (   0,    0) (   0,    0) (   0,    1) (   8,    3) (   0,    3) (   0,    1) (   0,    0) (   0,    0) (   0,    1)
          (   8,    3) (   0,    3) (   0,    1) (   0,    0) (   0,    0) (   0,    1) (   8,    3) (   0,    3) (   0,    1) (   0,    0)
          (   0,    0) (   0,    1) (   8,    3) (   0,    3) (   0,    1) (   0,    0) (   0,    0) (   0,    1) (   8,    3) (   0,    3)
          (   0,    1) (   0,    0) (   0,    0) (   0,    1) (   8,    3) (   0,    3) (   0,    1) (   0,    0) (   0,    0) (   0,    1)
          (   8,    3) (   0,    3) (   0,    1) (   0,    0) (   0,    0) (   0,    1) (   8,    3) (   0,    3) (   0,    1) (   0,    0)
          (   0,    0) (   0,    1) (   8,    3) (   0,    3) (   0,    1) (   0,    0) (   0,    0) (   0,    1) (   8,    3) (   0,    3)
          (   0,    1) (   0,    0) (   0,    0) (   0,    1) (   8,    3) (   0,    3) (   0,    1) (   0,    0) (   0,    0) (   0,    1)
          (   8,    3) (   0,    3) (   0,    1) (   0,    0) (   0,    0) (   0,    1) (   8,    3) (   0,    3) (   0,    1) (   0,    0)
          (   0,    0) (   0,    1) (   8,    3) (   0,    3) (   0,    1) (   0,    0) (   0,    0) (   0,    1) (   8,    3) (   0,    3)
          (   0,    1) (   0,    0) (   0,    0) (   0,    1) (   8,    3) (   0,    3) (   0,    1) (   0,    0) (   0,    0) (   0,    1)
          (   8,    3) (   0,    3) (   0,    1) (   0,    0) (   0,    0) (   0,    1) (   8,    3) (   0,    3) (   0,    1) (   0,    0)
          (   0,    0) (   0,    1) (   8,    3) (   0,    3) (   0,    1) (   0,    0) (   0,    0) (   0,    1) (   8,    3) (   0,    3)
          (   0,    1) (   0,    0) (   0,    0) (   0,    1) (   8,    3) (   0,    3) (   0,    1) (   0,    0) (   0,    0) (   0,    1)
          (   8,    3) (   0,    3) (   0,    1) (   0,    0) (   0,    0) (   0,    1) (   8,    3) (   0,    3) (   0,    1) (   0,    0)
          (   0,    0) (   0,    1) (   8,    3) (   0,    3) (   0,    1) (   0,    0) (   0,    0) (   0,    1) (   8,    3) (   0,    3)
          (   0,    1) (   0,    0) (   0,    0) (   0,    1) (   8,    3) (   0,    3) (   0,    1) (   0,    0) (   0,    0) (   0,    1)
          (   8,    3) (   0,    3) (   0,    1) (   0,    0) (   0,    0) (   0,    1) (   8,    3) (   0,    3) (   0,    1) (   0,    0)
          (   0,    0) (   0,    1) (   8,    3) (   0,    3) (   0,    1) (   0,    0) (   0,    0) (   0,    1) (   8,    3) (   0,    3)
          (   0,    1) (   0,    0) (   0,    0) (   0,    1) (   8,    3) (   0,    3) (   0,    1) (   0,    0) (   0,    0) (   0,    1)
          (   8,    3) (   0,    3) (   0,    1) (   0,    0) (   0,    0) (   0,    1) (   8,    3) (   0,    3) (   0,    1) (   0,    0)
          (   0,    0) (   0,    1) (   8,    3) (   0,    3) (   0,    1) (   0,    0) (   0,    0) (   0,    1) (   8,    3) (   0,    3)
          (   0,    1) (   0,    0) (   0,    0) (   0,    1) (   8,    3) (   0,    3) (   0,    1) (   0,    0) (   0,    0) (   0,    1)
          (   8,    3) (   0,    3) (   0,    1) (   0,    0) (   0,    0) (   0,    1) (   8,    3) (   0,    3) (   0,    1) (   0,    0)
          (   0,    0) (   0,    1) (   8,    3) (   0,    3) (   0,    1) (   0,    0) (   0,    0) (   0,    1) (   8,    3) (   0,    3)
          (   0,    1) (   0,    0) (   0,    0) (   0,    1) (   8,    3) (   0,    3) (   0,    1) (   0,    0) (   0,    0) (   0,    1)
          (   8,    3) (   0,    3) (   0,    1) (   0,    0) (   0,    0) (   0,    1) (   8,    3) (   0,    3) (   0,    1) (   0,    0)
          (   0,    0) (   0,    1) (   8,    3) (   0,    3) (   0,    1) (   0,    0) (   0,    0) (   0,    1) (   8,    3) (   0,    3)
          (   0,    1) (   0,    0) (   0,    0) (   0,    1) (   8,    3) (   0,    3) (   0,    1) (   0,    0) (   0,    0) (   0,    1)
          (   8,    3) (   0,    3) (   0,    1) (   0,    0) (   0,    0) (   0,    1) (   8,    3) (   0,    3) (   0,    1) (   0,    0)
          (   0,    0) (   0,    1) (   8,    3) (   0,    3) (   0,    1) (   0,    0) (   0,    0) (   0,    1) (   8,    3) (   0,    3)
          (   0,    1) (   0,    0) (   0,    0) (   0,    1) (   8,    3) (   0,    3) (   0,    1) (   0,    0) (   0,    0) (   0,    1)
          (   8,    3) (   0,    3) (   0,    1) (   0,    0) (   0,    0) (   0,    1) (   8,    3) (   0,    3) (   0,    1) (   0,    0)
          (   0,    0) (   0,    1) (   8,    3) (   0,    3) (   0,    1) (   0,    0) (   0,    0) (   0,    1) (   8,    3) (   0,    3)
          (   0,    1) (   0,    0) (   0,    0) (   0,    1) (   8,    3) (   0,    3) (   0,    1) (   0,    0) (   0,    0) (   0,    1)
          (   8,    3) (   0,    3) (   0,    1) (   0,    0) (   0,    0) (   0,    1) (   8,    3) (   0,    3) (   0,    1) (   0,    0)
          (   0,    0) (   0,    1) (   8,    3) (   0,    3) (   0,    1) (   0,    0) (   0,    0) (   0,    1) (   8,    3) (   0,    3)
          (   0,    1) (   0,    0) (   0,    0) (   0,    1) (   8,    3) (   0,    3) (   0,    1) (   0,    0) (   0,    0) (   0,    1)
          (   8,    3) (   0,    3) (   0,    1) (   0,    0) (   0,    0) (   0,    1) (   8,    3) (   0,    3) (   0,    1) (   0,    0)
          (   0,    0) (   0,    1) (   8,    3) (   0,    3) (   0,    1) (   0,    0) (   0,    0) (   0,    1) (   8,    3) (   0,    3)
         
node   8 sent_total    921  recv_total    905

node   9  (   0,    0) (   0,    0) (   1,    0) (   0,    0) (   0,    1) (   0,    0) (   0,    0) (   0,    1) (   0,    0) (   8,    0)
          (   0,    1) (   0,    0) (   0,    0) (   0,    1) (   0,    3) (   9,    4) (   0,    1) (   0,    0) (   0,    0) (   0,    1)
          (   0,    3) (   9,    4) (   0,    1) (   0,    0) (   0,    0) (   0,    1) (   0,    3) (   9,    4) (   0,    1) (   0,    0)
          (   0,    0) (   0,    1) (   0,    3) (   9,    4) (   0,    1) (   0,    0) (   0,    0) (   0,    1) (   0,    3) (   9,    4)
          (   0,    1) (   0,    0) (   0,    0) (   0,    1) (   0,    3) (   9,    4) (   0,    1) (   0,    0) (   0,    0) (   0,    1)
          (   0,    3) (   9,    4) (   0,    0) (   0,    0) (   0,    0) (   0,    1) (   0,    2) (   7,    4) (   0,    1) (   0,    0)
          (   0,    0) (   0,    1) (   0,    2) (   7,    4) (   0,    1) (   0,    0) (   0,    0) (   0,    1) (   0,    3) (   6,    2)
          (   0,    1) (   0,    0) (   0,    0) (   0,    0) (   0,    3) (   9,    4) (   0,    1) (   0,    0) (   0,    0) (   0,    1)
          (   0,    3) (   9,    4) (   0,    1) (   0,    0) (   0,    0) (   0,    1) (   0,    3) (   7,    4) (   0,    1) (   0,    0)
          (   0,    0) (   0,    1) (   0,    3) (   8,    4) (   0,    1) (   0,    0) (   0,    0) (   0,    1) (   0,    3) (   9,    2)
          (   0,    1) (   0,    0) (   0,    0) (   0,    0) (   0,    0) (   0,    0) (   0,    0) (   0,    0) (   0,    0) (   0,    0)
          (   0,    0) (   0,    0) (   0,    0) (   0,    0) (   0,    0) (   0,    0) (   0,    0) (   0,    0) (   0,    0) (   0,    0)
          (   0,    0) (   0,    0) (   0,    0) (   0,    0) (   0,    0) (   0,    0) (   0,    0) (   0,    0) (   0,    0) (   0,    0)
          (   0,    0) (   0,    0) (   0,    0) (   0,    0) (   0,    0) (   0,    0) (   0,    0) (   0,    0) (   0,    0) (   0,    0)
          (   0,    0) (   0,    0) (   0,    0) (   0,    0) (   0,    0) (   0,    0) (   0,    0) (   0,    0) (   0,    0) (   0,    0)
          (   0,    0) (   0,    0) (   0,    0) (   0,    0) (   0,    0) (   0,    0) (   0,    0) (   0,    0) (   0,    0) (   0,    0)
          (   0,    0) (   0,    0) (   0,    0) (   0,    0) (   0,    0) (   0,    0) (   0,    0) (   0,    0) (   0,    0) (   0,    0)
          (   0,    0) (   0,    0) (   0,    0) (   0,    0) (   0,    0) (   0,    0) (   0,    0) (   0,    0) (   0,    0) (   0,    0)
          (   0,    0) (   0,    0) (   0,    0) (   0,    0) (   0,    0) (   0,    0) (   0,    0) (   0,    0) (   0,    0) (   0,    0)
          (   0,    0) (   0,    0) (   0,    0) (   0,    0) (   0,    0) (   0,    0) (   0,    0) (   0,    0) (   0,    0) (   0,    0)
          (   0,    0) (   0,    0) (   0,    0) (   0,    0) (   0,    0) (   0,    0) (   0,    0) (   0,    0) (   0,    0) (   0,    0)
          (   0,    0) (   0,    0) (   0,    0) (   0,    0) (   0,    0) (   0,    0) (   0,    0) (   0,    0) (   0,    0) (   0,    0)
          (   0,    0) (   0,    0) (   0,    0) (   0,    0) (   0,    0) (   0,    0) (   0,    0) (   0,    0) (   0,    0) (   0,    0)
          (   0,    0) (   0,    0) (   0,    0) (   0,    0) (   0,    0) (   0,    0) (   0,    0) (   0,    0) (   0,    0) (   0,    0)
          (   0,    0) (   0,    0) (   0,    0) (   0,    0) (   0,    0) (   0,    0) (   0,    0) (   0,    0) (   0,    0) (   0,    0)
          (   0,    0) (   0,    0) (   0,    0) (   0,    0) (   0,    0) (   0,    0) (   0,    0) (   0,    0) (   0,    0) (   0,    0)
          (   0,    0) (   0,    0) (   0,    0) (   0,    0) (   0,    0) (   0,    0) (   0,    0) (   0,    0) (   0,    0) (   0,    0)
          (   0,    0) (   0,    0) (   0,    0) (   0,    0) (   0,    0) (   0,    0) (   0,    0) (   0,    0) (   0,    0) (   0,    0)
          (   0,    0) (   0,    0) (   0,    0) (   0,    0) (   0,    0) (   0,    0) (   0,    0) (   0,    0) (   0,    0) (   0,    0)
          (   0,    0) (   0,    0) (   0,    0) (   0,    0) (   0,    0) (   0,    0) (   0,    0) (   0,    0) (   0,    0) (   0,    0)
          (   0,    0) (   0,    0) (   0,    0) (   0,    0) (   0,    0) (   0,    0) (   0,    0) (   0,    0) (   0,    0) (   0,    0)
          (   0,    0) (   0,    0) (   0,    0) (   0,    0) (   0,    0) (   0,    0) (   0,    0) (   0,    0) (   0,    0) (   0,    0)
          (   0,    0) (   0,    0) (   0,    0) (   0,    0) (   0,    0) (   0,    0) (   0,    0) (   0,    0) (   0,    0) (   0,    0)
          (   0,    0) (   0,    0) (   0,    0) (   0,    0) (   0,    0) (   0,    0) (   0,    0) (   0,    0) (   0,    0) (   0,    0)
          (   0,    0) (   0,    0) (   0,    0) (   0,    0) (   0,    0) (   0,    0) (   0,    0) (   0,    0) (   0,    0) (   0,    0)
          (   0,    0) (   0,    0) (   0,    0) (   0,    0) (   0,    0) (   0,    0) (   0,    0) (   0,    0) (   0,    0) (   0,    0)
          (   0,    0) (   0,    0) (   0,    0) (   0,    0) (   0,    0) (   0,    0) (   0,    0) (   0,    0) (   0,    0) (   0,    0)
          (   0,    0) (   0,    0) (   0,    0) (   0,    0) (   0,    0) (   0,    0) (   0,    0) (   0,    0) (   0,    0) (   0,    0)
          (   0,    0) (   0,    0) (   0,    0) (   0,    0) (   0,    0) (   0,    0) (   0,    0) (   0,    0) (   0,    0) (   0,    0)
          (   0,    0) (   0,    0) (   0,    0) (   0,    0) (   0,    0) (   0,    0) (   0,    0) (   0,    0) (   0,    0) (   0,    0)
          (   0,    0) (   0,    0) (   0,    0) (   0,    0) (   0,    0) (   0,    0) (   0,    0) (   0,    0) (   0,    0) (   0,    0)
          (   0,    0) (   0,    0) (   0,    0) (   0,    0) (   0,    0) (   0,    0) (   0,    0) (   0,    0) (   0,    0) (   0,    0)
          (   0,    0) (   0,    0) (   0,    0) (   0,    0) (   0,    0) (   0,    0) (   0,    0) (   0,    0) (   0,    0) (   0,    0)
          (   0,    0) (   0,    0) (   0,    0) (   0,    0) (   0,    0) (   0,    0) (   0,    0) (   0,    0) (   0,    0) (   0,    0)
          (   0,    0) (   0,    0) (   0,    0) (   0,    0) (   0,    0) (   0,    0) (   0,    0) (   0,    0) (   0,    0) (   0,    0)
          (   0,    0) (   0,    0) (   0,    0) (   0,    0) (   0,    0) (   0,    0) (   0,    0) (   0,    0) (   0,    0) (   0,    0)
          (   0,    0) (   0,    0) (   0,    0) (   0,    0) (   0,    0) (   0,    0) (   0,    0) (   0,    0) (   0,    0) (   0,    0)
          (   0,    0) (   0,    0) (   0,    0) (   0,    0) (   0,    0) (   0,    0) (   0,    0) (   0,    0) (   0,    0) (   0,    0)
          (   0,    0) (   0,    0) (   0,    0) (   0,    0) (   0,    0) (   0,    0) (   0,    0) (   0,    0) (   0,    0) (   0,    0)
          (   0,    0) (   0,    0) (   0,    0) (   0,    0) (   0,    0) (   0,    0) (   0,    0) (   0,    0) (   0,    0) (   0,    0)
          (   0,    0) (   0,    0) (   0,    0) (   0,    0) (   0,    0) (   0,    0) (   0,    0) (   0,    0) (   0,    0) (   0,    0)
          (   0,    0) (   0,    0) (   0,    0) (   0,    0) (   0,    0) (   0,    0) (   0,    0) (   0,    0) (   0,    0) (   0,    0)
          (   0,    0) (   0,    0) (   0,    0) (   0,    0) (   0,    0) (   0,    0) (   0,    0) (   0,    0) (   0,    0) (   0,    0)
          (   0,    0) (   0,    0) (   0,    0) (   0,    0) (   0,    0) (   0,    0) (   0,    0) (   0,    0) (   0,    0) (   0,    0)
          (   0,    0) (   0,    0) (   0,    0) (   0,    0) (   0,    0) (   0,    0) (   0,    0) (   0,    0) (   0,    0) (   0,    0)
          (   0,    0) (   0,    0) (   0,    0) (   0,    0) (   0,    0) (   0,    0) (   0,    0) (   0,    0) (   0,    0) (   0,    0)
          (   0,    0) (   0,    0) (   0,    0) (   0,    0) (   0,    0) (   0,    0) (   0,    0) (   0,    0) (   0,    0) (   0,    0)
          (   0,    0) (   0,    0) (   0,    0) (   0,    0) (   0,    0) (   0,    0) (   0,    0) (   0,    0) (   0,    0) (   0,    0)
          (   0,    0) (   0,    0) (   0,    0) (   0,    0) (   0,    0) (   0,    0) (   0,    0) (   0,    0) (   0,    0) (   0,    0)
          (   0,    0) (   0,    0) (   0,    0) (   0,    0) (   0,    0) (   0,    0) (   0,    0) (   0,    0) (   0,    0) (   0,    0)
          (   0,    0) (   0,    0) (   0,    0) (   0,    0) (   0,    0) (   0,    0) (   0,    0) (   0,    0) (   0,    0) (   0,    0)
          (   0,    0) (   0,    0) (   0,    0) (   0,    0) (   0,    0) (   0,    0) (   0,    0) (   0,    0) (   0,    0) (   0,    0)
          (   0,    0) (   0,    0) (   0,    0) (   0,    0) (   0,    0) (   0,    0) (   0,    0) (   0,    0) (   0,    0) (   0,    0)
          (   0,    0) (   0,    0) (   0,    0) (   0,    0) (   0,    0) (   0,    0) (   0,    0) (   0,    0) (   0,    0) (   0,    0)
          (   0,    0) (   0,    0) (   0,    0) (   0,    0) (   0,    0) (   0,    0) (   0,    0) (   0,    0) (   0,    0) (   0,    0)
          (   0,    0) (   0,    0) (   0,    0) (   0,    0) (   0,    0) (   0,    0) (   0,    0) (   0,    0) (   0,    0) (   0,    0)
          (   0,    0) (   0,    0) (   0,    0) (   0,    0) (   0,    0) (   0,    0) (   0,    0) (   0,    0) (   0,    0) (   0,    0)
          (   0,    0) (   0,    0) (   0,    0) (   0,    0) (   0,    0) (   0,    0) (   0,    0) (   0,    0) (   0,    0) (   0,    0)
          (   0,    0) (   0,    0) (   0,    0) (   0,    0) (   0,    0) (   0,    0) (   0,    0) (   0,    0) (   0,    0) (   0,    0)
          (   0,    0) (   0,    0) (   0,    0) (   0,    0) (   0,    0) (   0,    0) (   0,    0) (   0,    0) (   0,    0) (   0,    0)
         
node   9 sent_total    134  recv_total    130

node  10  (   0,    0) (   0,    0) (   1,    0) (   0,    0) (   0,    1) (   0,    0) (   0,    0) (   0,    1) (   0,    0) (   9,    0)
          (   0,    0) (   0,    0) (   0,    0) (   0,    1) (   0,    3) (   9,    4) (   0,    1) (   0,    0) (   0,    0) (   0,    1)
          (   0,    3) (   9,    4) (   0,    1) (   0,    0) (   0,    0) (   0,    1) (   0,    3) (   9,    4) (   0,    1) (   0,    0)
          (   0,    0) (   0,    1) (   0,    3) (   9,    4) (   0,    1) (   0,    0) (   0,    0) (   0,    1) (   0,    3) (   9,    4)
          (   0,    1) (   0,    0) (   0,    0) (   0,    1) (   0,    3) (   9,    4) (   0,    1) (   0,    0) (   0,    0) (   0,    1)
          (   0,    3) (   8,    4) (   0,    1) (   0,    0) (   0,    0) (   0,    1) (   0,    3) (   9,    4) (   0,    1) (   0,    0)
          (   0,    0) (   0,    1) (   0,    3) (   9,    4) (   0,    1) (   0,    0) (   0,    0) (   0,    1) (   0,    2) (   9,    4)
          (   0,    1) (   0,    0) (   0,    0) (   0,    0) (   0,    3) (   8,    3) (   0,    1) (   0,    0) (   0,    0) (   0,    1)
          (   0,    3) (   7,    4) (   0,    1) (   0,    0) (   0,    0) (   0,    1) (   0,    3) (   9,    2) (   0,    1) (   0,    0)
          (   0,    0) (   0,    1) (   0,    1) (   8,    3) (   0,    1) (   0,    0) (   0,    0) (   0,    1) (   0,    2) (   8,    4)
          (   0,    1) (   0,    0) (   0,    0) (   0,    1) (   0,    3) (   7,    4) (   0,    0) (   0,    0) (   0,    0) (   0,    0)
          (   0,    1) (   9,    4) (   0,    0) (   0,    0) (   0,    0) (   0,    1) (   0,    2) (   9,    4) (   0,    0) (   0,    0)
          (   0,    0) (   0,    1) (   0,    3) (   6,    4) (   0,    0) (   0,    0) (   0,    0) (   0,    1) (   0,    3) (   7,    3)
          (   0,    0) (   0,    0) (   0,    0) (   0,    1) (   0,    3) (   7,    4) (   0,    0) (   0,    0) (   0,    0) (   0,    1)
          (   0,    3) (   7,    4) (   0,    0) (   0,    0) (   0,    0) (   0,    1) (   0,    3) (   8,    4) (   0,    0) (   0,    0)
          (   0,    0) (   0,    1) (   0,    2) (   8,    3) (   0,    0) (   0,    0) (   0,    0) (   0,    1) (   0,    3) (   5,    4)
          (   0,    0) (   0,    0) (   0,    0) (   0,    1) (   0,    2) (   6,    3) (   0,    0) (   0,    0) (   0,    0) (   0,    0)
          (   0,    2) (   8,    3) (   0,    0) (   0,    0) (   0,    0) (   0,    1) (   0,    3) (   8,    4) (   0,    0) (   0,    0)
          (   0,    0) (   0,    1) (   0,    3) (   7,    3) (   0,    0) (   0,    0) (   0,    0) (   0,    1) (   0,    3) (   7,    4)
          (   0,    0) (   0,    0) (   0,    0) (   0,    1) (   0,    3) (   8,    4) (   0,    0) (   0,    0) (   0,    0) (   0,    1)
          (   0,    3) (   5,    3) (   0,    0) (   0,    0) (   0,    0) (   0,    1) (   0,    3) (   8,    4) (   0,    0) (   0,    0)
          (   0,    0) (   0,    1) (   0,    2) (   8,    4) (   0,    0) (   0,    0) (   0,    0) (   0,    1) (   0,    3) (   7,    4)
          (   0,    0) (   0,    0) (   0,    0) (   0,    1) (   0,    3) (   7,    4) (   0,    0) (   0,    0) (   0,    0) (   0,    1)
          (   0,    3) (   8,    4) (   0,    0) (   0,    0) (   0,    0) (   0,    1) (   0,    2) (   8,    4) (   0,    0) (   0,    0)
          (   0,    0) (   0,    1) (   0,    3) (   7,    3) (   0,    0) (   0,    0) (   0,    0) (   0,    1) (   0,    3) (   7,    3)
          (   0,    0) (   0,    0) (   0,    0) (   0,    1) (   0,    3) (   6,    3) (   0,    0) (   0,    0) (   0,    0) (   0,    1)
          (   0,    2) (   7,    4) (   0,    0) (   0,    0) (   0,    0) (   0,    1) (   0,    3) (   6,    4) (   0,    0) (   0,    0)
          (   0,    0) (   0,    1) (   0,    2) (   7,    4) (   0,    0) (   0,    0) (   0,    0) (   0,    1) (   0,    3) (   7,    3)
          (   0,    0) (   0,    0) (   0,    0) (   0,    1) (   0,    3) (   7,    3) (   0,    0) (   0,    0) (   0,    0) (   0,    1)
          (   0,    3) (   7,    4) (   0,    0) (   0,    0) (   0,    0) (   0,    1) (   0,    3) (   8,    3) (   0,    0) (   0,    0)
          (   0,    0) (   0,    1) (   0,    3) (   8,    4) (   0,    0) (   0,    0) (   0,    0) (   0,    1) (   0,    3) (   8,    4)
          (   0,    0) (   0,    0) (   0,    0) (   0,    1) (   0,    3) (   8,    4) (   0,    0) (   0,    0) (   0,    0) (   0,    1)
          (   0,    3) (   8,    4) (   0,    0) (   0,    0) (   0,    0) (   0,    1) (   0,    3) (   8,    4) (   0,    0) (   0,    0)
          (   0,    0) (   0,    1) (   0,    3) (   8,    4) (   0,    0) (   0,    0) (   0,    0) (   0,    1) (   0,    3) (   8,    4)
          (   0,    0) (   0,    0) (   0,    0) (   0,    1) (   0,    3) (   8,    4) (   0,    0) (   0,    0) (   0,    0) (   0,    1)
          (   0,    3) (   8,    4) (   0,    0) (   0,    0) (   0,    0) (   0,    1) (   0,    3) (   8,    4) (   0,    0) (   0,    0)
          (   0,    0) (   0,    1) (   0,    3) (   8,    4) (   0,    0) (   0,    0) (   0,    0) (   0,    1) (   0,    3) (   8,    4)
          (   0,    0) (   0,    0) (   0,    0) (   0,    1) (   0,    3) (   8,    4) (   0,    0) (   0,    0) (   0,    0) (   0,    1)
          (   0,    3) (   8,    4) (   0,    0) (   0,    0) (   0,    0) (   0,    1) (   0,    3) (   8,    4) (   0,    0) (   0,    0)
          (   0,    0) (   0,    1) (   0,    3) (   8,    4) (   0,    0) (   0,    0) (   0,    0) (   0,    1) (   0,    3) (   8,    4)
          (   0,    0) (   0,    0) (   0,    0) (   0,    1) (   0,    3) (   8,    4) (   0,    0) (   0,    0) (   0,    0) (   0,    1)
          (   0,    3) (   8,    4) (   0,    0) (   0,    0) (   0,    0) (   0,    1) (   0,    3) (   8,    4) (   0,    0) (   0,    0)
          (   0,    0) (   0,    1) (   0,    3) (   8,    4) (   0,    0) (   0,    0) (   0,    0) (   0,    1) (   0,    3) (   8,    4)
          (   0,    0) (   0,    0) (   0,    0) (   0,    1) (   0,    3) (   8,    4) (   0,    0) (   0,    0) (   0,    0) (   0,    1)
          (   0,    3) (   8,    4) (   0,    0) (   0,    0) (   0,    0) (   0,    1) (   0,    3) (   8,    4) (   0,    0) (   0,    0)
          (   0,    0) (   0,    1) (   0,    3) (   8,    4) (   0,    0) (   0,    0) (   0,    0) (   0,    1) (   0,    3) (   8,    4)
          (   0,    0) (   0,    0) (   0,    0) (   0,    1) (   0,    3) (   8,    4) (   0,    0) (   0,    0) (   0,    0) (   0,    1)
          (   0,    3) (   8,    4) (   0,    0) (   0,    0) (   0,    0) (   0,    1) (   0,    3) (   8,    4) (   0,    0) (   0,    0)
          (   0,    0) (   0,    1) (   0,    3) (   8,    4) (   0,    0) (   0,    0) (   0,    0) (   0,    1) (   0,    3) (   8,    4)
          (   0,    0) (   0,    0) (   0,    0) (   0,    1) (   0,    3) (   8,    4) (   0,    0) (   0,    0) (   0,    0) (   0,    1)
          (   0,    3) (   8,    4) (   0,    0) (   0,    0) (   0,    0) (   0,    1) (   0,    3) (   8,    4) (   0,    0) (   0,    0)
          (   0,    0) (   0,    1) (   0,    3) (   8,    4) (   0,    0) (   0,    0) (   0,    0) (   0,    1) (   0,    3) (   8,    4)
          (   0,    0) (   0,    0) (   0,    0) (   0,    1) (   0,    3) (   8,    4) (   0,    0) (   0,    0) (   0,    0) (   0,    1)
          (   0,    3) (   8,    4) (   0,    0) (   0,    0) (   0,    0) (   0,    1) (   0,    3) (   8,    4) (   0,    0) (   0,    0)
          (   0,    0) (   0,    1) (   0,    3) (   8,    4) (   0,    0) (   0,    0) (   0,    0) (   0,    1) (   0,    3) (   8,    4)
          (   0,    0) (   0,    0) (   0,    0) (   0,    1) (   0,    3) (   8,    4) (   0,    0) (   0,    0) (   0,    0) (   0,    1)
          (   0,    3) (   8,    4) (   0,    0) (   0,    0) (   0,    0) (   0,    1) (   0,    3) (   8,    4) (   0,    0) (   0,    0)
          (   0,    0) (   0,    1) (   0,    3) (   8,    4) (   0,    0) (   0,    0) (   0,    0) (   0,    1) (   0,    3) (   8,    4)
          (   0,    0) (   0,    0) (   0,    0) (   0,    1) (   0,    3) (   8,    4) (   0,    0) (   0,    0) (   0,    0) (   0,    1)
          (   0,    3) (   8,    4) (   0,    0) (   0,    0) (   0,    0) (   0,    1) (   0,    3) (   8,    4) (   0,    0) (   0,    0)
          (   0,    0) (   0,    1) (   0,    3) (   8,    4) (   0,    0) (   0,    0) (   0,    0) (   0,    1) (   0,    3) (   8,    4)
          (   0,    0) (   0,    0) (   0,    0) (   0,    1) (   0,    3) (   8,    4) (   0,    0) (   0,    0) (   0,    0) (   0,    1)
          (   0,    3) (   8,    4) (   0,    0) (   0,    0) (   0,    0) (   0,    1) (   0,    3) (   8,    4) (   0,    0) (   0,    0)
          (   0,    0) (   0,    1) (   0,    3) (   8,    4) (   0,    0) (   0,    0) (   0,    0) (   0,    1) (   0,    3) (   8,    4)
          (   0,    0) (   0,    0) (   0,    0) (   0,    1) (   0,    3) (   8,    4) (   0,    0) (   0,    0) (   0,    0) (   0,    1)
          (   0,    3) (   8,    4) (   0,    0) (   0,    0) (   0,    0) (   0,    1) (   0,    3) (   8,    4) (   0,    0) (   0,    0)
          (   0,    0) (   0,    1) (   0,    3) (   8,    4) (   0,    0) (   0,    0) (   0,    0) (   0,    1) (   0,    3) (   8,    4)
          (   0,    0) (   0,    0) (   0,    0) (   0,    1) (   0,    3) (   8,    4) (   0,    0) (   0,    0) (   0,    0) (   0,    1)
          (   0,    3) (   8,    4) (   0,    0) (   0,    0) (   0,    0) (   0,    1) (   0,    3) (   8,    4) (   0,    0) (   0,    0)
          (   0,    0) (   0,    1) (   0,    3) (   8,    4) (   0,    0) (   0,    0) (   0,    0) (   0,    1) (   0,    3) (   8,    4)
         
node  10 sent_total    912  recv_total    904

